<?xml version="1.0" encoding="UTF-8"?>
<!-- Generated by org.testng.reporters.JUnitXMLReporter -->
<testsuite hostname="DELL18012504" ignored="0" name="Command line test" tests="1" failures="1" timestamp="2020-03-24T13:43:04 CST" time="73.17" errors="0">
  <testcase name="excute" time="73.168" classname="com.example.excute.ExcuteCase">
    <failure type="io.github.bonigarcia.wdm.WebDriverManagerException" message="io.github.bonigarcia.wdm.WebDriverManagerException: chromedriver &amp;lt;!DOCTYPE html&amp;gt;
&amp;lt;html&amp;gt;
  &amp;lt;head&amp;gt;
    &amp;lt;meta charset=&amp;quot;utf-8&amp;quot;&amp;gt;
    &amp;lt;title&amp;gt;chromedriverLATEST_RELEASE Mirror&amp;lt;/title&amp;gt;
    &amp;lt;meta name=&amp;quot;viewport&amp;quot; content=&amp;quot;width=device-width, initial-scale=1.0&amp;quot;&amp;gt;
    &amp;lt;!-- Bootstrap --&amp;gt;
    &amp;lt;link href=&amp;quot;https://cdn.staticfile.org/twitter-bootstrap/3.3.7/css/bootstrap.min.css&amp;quot; rel=&amp;quot;stylesheet&amp;quot; media=&amp;quot;screen&amp;quot;&amp;gt;
    &amp;lt;style&amp;gt;
      #fork{position:fixed;top:0;right:0;_position:absolute;z-index: 10000;}
      .bottom{margin: 20px auto; width: 100%; text-align: center;}
      .container{width: 1080px; margin: 50px auto;}
    &amp;lt;/style&amp;gt;
  &amp;lt;head&amp;gt;
  &amp;lt;body&amp;gt;
    &amp;lt;a href=&amp;quot;https://github.com/cnpm/cnpmjs.org&amp;quot; id=&amp;quot;fork&amp;quot; target=&amp;quot;_blank&amp;quot;&amp;gt;
        &amp;lt;img alt=&amp;quot;Fork me on GitHub&amp;quot; src=&amp;quot;//s3.amazonaws.com/github/ribbons/forkme_right_darkblue_121621.png&amp;quot;&amp;gt;
    &amp;lt;/a&amp;gt;
    &amp;lt;div class=&amp;quot;container&amp;quot;&amp;gt;
      &amp;lt;h1&amp;gt;Mirror index of &amp;lt;a target=&amp;quot;_blank&amp;quot; href=&amp;quot;&amp;quot;&amp;gt;&amp;lt;/a&amp;gt;&amp;lt;/h1&amp;gt;
&amp;lt;hr&amp;gt;
&amp;lt;pre&amp;gt;&amp;lt;a href=&amp;quot;../&amp;quot;&amp;gt;../&amp;lt;/a&amp;gt;
&amp;lt;/pre&amp;gt;
&amp;lt;hr&amp;gt;

    &amp;lt;/div&amp;gt;

      &amp;lt;hr/&amp;gt;
      &amp;lt;div class=&amp;quot;bottom&amp;quot;&amp;gt;
        Copyright &amp;amp;copy; &amp;lt;a href=&amp;quot;https://github.com/cnpm&amp;quot; target=&amp;quot;_blank&amp;quot;&amp;gt;cnpm&amp;lt;/a&amp;gt;
        |
        &amp;lt;a href=&amp;quot;/&amp;quot;&amp;gt;Home&amp;lt;/a&amp;gt;
    &amp;lt;/div&amp;gt;
  &amp;lt;/body&amp;gt;
&amp;lt;/html&amp;gt;
 for WIN64 not found in http://npm.taobao.org/mirrors/chromedriver">
      <![CDATA[io.github.bonigarcia.wdm.WebDriverManagerException: io.github.bonigarcia.wdm.WebDriverManagerException: chromedriver <!DOCTYPE html>
<html>
  <head>
    <meta charset="utf-8">
    <title>chromedriverLATEST_RELEASE Mirror</title>
    <meta name="viewport" content="width=device-width, initial-scale=1.0">
    <!-- Bootstrap -->
    <link href="https://cdn.staticfile.org/twitter-bootstrap/3.3.7/css/bootstrap.min.css" rel="stylesheet" media="screen">
    <style>
      #fork{position:fixed;top:0;right:0;_position:absolute;z-index: 10000;}
      .bottom{margin: 20px auto; width: 100%; text-align: center;}
      .container{width: 1080px; margin: 50px auto;}
    </style>
  <head>
  <body>
    <a href="https://github.com/cnpm/cnpmjs.org" id="fork" target="_blank">
        <img alt="Fork me on GitHub" src="//s3.amazonaws.com/github/ribbons/forkme_right_darkblue_121621.png">
    </a>
    <div class="container">
      <h1>Mirror index of <a target="_blank" href=""></a></h1>
<hr>
<pre><a href="../">../</a>
</pre>
<hr>

    </div>

      <hr/>
      <div class="bottom">
        Copyright &copy; <a href="https://github.com/cnpm" target="_blank">cnpm</a>
        |
        <a href="/">Home</a>
    </div>
  </body>
</html>
 for WIN64 not found in http://npm.taobao.org/mirrors/chromedriver
at io.github.bonigarcia.wdm.WebDriverManager.handleException(WebDriverManager.java:774)
at io.github.bonigarcia.wdm.WebDriverManager.manage(WebDriverManager.java:548)
at io.github.bonigarcia.wdm.WebDriverManager.handleException(WebDriverManager.java:771)
at io.github.bonigarcia.wdm.WebDriverManager.manage(WebDriverManager.java:548)
at io.github.bonigarcia.wdm.WebDriverManager.handleException(WebDriverManager.java:764)
at io.github.bonigarcia.wdm.WebDriverManager.manage(WebDriverManager.java:548)
at io.github.bonigarcia.wdm.WebDriverManager.setup(WebDriverManager.java:258)
at com.codeborne.selenide.webdriver.WebDriverBinaryManager.setupChrome(WebDriverBinaryManager.java:19)
at com.codeborne.selenide.webdriver.WebDriverBinaryManager.setupBinaryPath(WebDriverBinaryManager.java:10)
at com.codeborne.selenide.webdriver.WebDriverFactory.createWebDriver(WebDriverFactory.java:45)
at com.codeborne.selenide.drivercommands.CreateDriverCommand.createDriver(CreateDriverCommand.java:39)
at com.codeborne.selenide.impl.WebDriverThreadLocalContainer.createDriver(WebDriverThreadLocalContainer.java:126)
at com.codeborne.selenide.impl.WebDriverThreadLocalContainer.getAndCheckWebDriver(WebDriverThreadLocalContainer.java:120)
at com.codeborne.selenide.WebDriverRunner.getAndCheckWebDriver(WebDriverRunner.java:89)
at com.codeborne.selenide.impl.StaticDriver.getAndCheckWebDriver(StaticDriver.java:47)
at com.codeborne.selenide.SelenideDriver.getAndCheckWebDriver(SelenideDriver.java:150)
at com.codeborne.selenide.drivercommands.Navigator.navigateTo(Navigator.java:65)
at com.codeborne.selenide.drivercommands.Navigator.open(Navigator.java:28)
at com.codeborne.selenide.SelenideDriver.open(SelenideDriver.java:66)
at com.codeborne.selenide.Selenide.open(Selenide.java:41)
at com.example.excute.ExcuteCase.excute(ExcuteCase.java:76)
at java.util.ArrayList.forEach(ArrayList.java:1249)
at com.example.rabbitmq.ConsumeMq.consume(ConsumeMq.java:37)
at org.springframework.messaging.handler.invocation.InvocableHandlerMethod.doInvoke(InvocableHandlerMethod.java:171)
at org.springframework.messaging.handler.invocation.InvocableHandlerMethod.invoke(InvocableHandlerMethod.java:120)
at org.springframework.amqp.rabbit.listener.adapter.DelegatingInvocableHandler.invoke(DelegatingInvocableHandler.java:130)
at org.springframework.amqp.rabbit.listener.adapter.HandlerAdapter.invoke(HandlerAdapter.java:61)
at org.springframework.amqp.rabbit.listener.adapter.MessagingMessageListenerAdapter.invokeHandler(MessagingMessageListenerAdapter.java:196)
at org.springframework.amqp.rabbit.listener.adapter.MessagingMessageListenerAdapter.onMessage(MessagingMessageListenerAdapter.java:129)
at org.springframework.amqp.rabbit.listener.AbstractMessageListenerContainer.doInvokeListener(AbstractMessageListenerContainer.java:1542)
at org.springframework.amqp.rabbit.listener.AbstractMessageListenerContainer.actualInvokeListener(AbstractMessageListenerContainer.java:1468)
at org.springframework.amqp.rabbit.listener.AbstractMessageListenerContainer.invokeListener(AbstractMessageListenerContainer.java:1456)
at org.springframework.amqp.rabbit.listener.AbstractMessageListenerContainer.doExecuteListener(AbstractMessageListenerContainer.java:1451)
at org.springframework.amqp.rabbit.listener.AbstractMessageListenerContainer.executeListener(AbstractMessageListenerContainer.java:1400)
at org.springframework.amqp.rabbit.listener.SimpleMessageListenerContainer.doReceiveAndExecute(SimpleMessageListenerContainer.java:875)
at org.springframework.amqp.rabbit.listener.SimpleMessageListenerContainer.receiveAndExecute(SimpleMessageListenerContainer.java:859)
at org.springframework.amqp.rabbit.listener.SimpleMessageListenerContainer.access$1600(SimpleMessageListenerContainer.java:78)
at org.springframework.amqp.rabbit.listener.SimpleMessageListenerContainer$AsyncMessageProcessingConsumer.mainLoop(SimpleMessageListenerContainer.java:1142)
at org.springframework.amqp.rabbit.listener.SimpleMessageListenerContainer$AsyncMessageProcessingConsumer.run(SimpleMessageListenerContainer.java:1048)
at java.lang.Thread.run(Thread.java:748)
Caused by: io.github.bonigarcia.wdm.WebDriverManagerException: chromedriver <!DOCTYPE html>
<html>
  <head>
    <meta charset="utf-8">
    <title>chromedriverLATEST_RELEASE Mirror</title>
    <meta name="viewport" content="width=device-width, initial-scale=1.0">
    <!-- Bootstrap -->
    <link href="https://cdn.staticfile.org/twitter-bootstrap/3.3.7/css/bootstrap.min.css" rel="stylesheet" media="screen">
    <style>
      #fork{position:fixed;top:0;right:0;_position:absolute;z-index: 10000;}
      .bottom{margin: 20px auto; width: 100%; text-align: center;}
      .container{width: 1080px; margin: 50px auto;}
    </style>
  <head>
  <body>
    <a href="https://github.com/cnpm/cnpmjs.org" id="fork" target="_blank">
        <img alt="Fork me on GitHub" src="//s3.amazonaws.com/github/ribbons/forkme_right_darkblue_121621.png">
    </a>
    <div class="container">
      <h1>Mirror index of <a target="_blank" href=""></a></h1>
<hr>
<pre><a href="../">../</a>
</pre>
<hr>

    </div>

      <hr/>
      <div class="bottom">
        Copyright &copy; <a href="https://github.com/cnpm" target="_blank">cnpm</a>
        |
        <a href="/">Home</a>
    </div>
  </body>
</html>
 for WIN64 not found in http://npm.taobao.org/mirrors/chromedriver
at io.github.bonigarcia.wdm.WebDriverManager.downloadAndExport(WebDriverManager.java:573)
at io.github.bonigarcia.wdm.WebDriverManager.manage(WebDriverManager.java:545)
... 66 more
... Removed 28 stack frames]]>
    </failure>
  </testcase> <!-- excute -->
</testsuite> <!-- Command line test -->
