<?xml version="1.0" encoding="UTF-8"?>
<!-- Generated by org.testng.reporters.JUnitXMLReporter -->
<testsuite hostname="DELL18012504" ignored="0" name="Command line test" tests="4" failures="0" timestamp="2019-12-13T13:58:59 CST" time="108.177" errors="0">
  <testcase name="excute" time="16.421" classname="com.example.excute.ExcuteCase"/>
  <testcase name="excute" time="19.504" classname="com.example.excute.ExcuteCase"/>
  <testcase name="excute" time="27.858" classname="com.example.excute.ExcuteCase"/>
  <testcase name="excute" time="44.391" classname="com.example.excute.ExcuteCase"/>
</testsuite> <!-- Command line test -->
