<?xml version="1.0" encoding="UTF-8"?>
<testng-results skipped="0" failed="2" ignored="0" total="2" passed="0">
  <reporter-output>
    <line>
      <![CDATA[使用的浏览器为：Chrome打开的默认URL为：https://www.makeupforever.cn]]>
    </line>
    <line>
      <![CDATA[执行的步骤名称为：点击首页用户按钮]]>
    </line>
    <line>
      <![CDATA[选择的Action为：元素做点击操作]]>
    </line>
    <line>
      <![CDATA[查找的locationType为：xpath元素路径为：//div[@id='user-links']//a[contains(@class,'no-login')]]]>
    </line>
    <line>
      <![CDATA[获取到的元素为：<a class="top-account no-login" href="javascript:void(0)"></a>]]>
    </line>
    <line>
      <![CDATA[执行的步骤名称为：输入用户名]]>
    </line>
    <line>
      <![CDATA[选择的Action为：元素做输入操作]]>
    </line>
    <line>
      <![CDATA[查找的locationType为：xpath元素路径为：//*[@id='login:email']]]>
    </line>
    <line>
      <![CDATA[获取到的元素为：<input autocapitalize="off" autocorrect="off" class="input-text required-entry validate-email-phone" errormsg="*请输入正确的邮箱或手机号码" id="login:email" name="login[username]" spellcheck="false" tabindex="0" title="电子邮件地址" type="text"></input>]]>
    </line>
    <line>
      <![CDATA[输入参数为：15221527941]]>
    </line>
    <line>
      <![CDATA[执行的步骤名称为：输入密码]]>
    </line>
    <line>
      <![CDATA[选择的Action为：元素做输入操作]]>
    </line>
    <line>
      <![CDATA[查找的locationType为：xpath元素路径为：//*[@id='login:pass']]]>
    </line>
    <line>
      <![CDATA[获取到的元素为：<input autocomplete="false" class="input-text required-entry validate-password" errormsg="*请输入正确的密码" id="login:pass" name="login[password]" title="密码" type="password"></input>]]>
    </line>
    <line>
      <![CDATA[输入参数为：test123]]>
    </line>
    <line>
      <![CDATA[执行的步骤名称为：点击立即登录按钮]]>
    </line>
    <line>
      <![CDATA[选择的Action为：元素做点击操作]]>
    </line>
    <line>
      <![CDATA[查找的locationType为：xpath元素路径为：//*[@id='send2']]]>
    </line>
    <line>
      <![CDATA[获取到的元素为：<button class="button" id="send2" name="send" onclick="loginForm.submit();" title="登录" type="button">登录</button>]]>
    </line>
    <line>
      <![CDATA[执行的步骤名称为：校验登录是否成功]]>
    </line>
    <line>
      <![CDATA[选择的Action为：校验元素是否存在]]>
    </line>
    <line>
      <![CDATA[查找的locationType为：xpath元素路径为：//a[contains(text(),'注销')]]]>
    </line>
    <line>
      <![CDATA[获取到的元素为：<a href="https://www.makeupforever.cn/customer/account/logout/">注销</a>]]>
    </line>
    <line>
      <![CDATA[执行的步骤名称为：点击放大镜]]>
    </line>
    <line>
      <![CDATA[选择的Action为：元素做点击操作]]>
    </line>
    <line>
      <![CDATA[查找的locationType为：xpath元素路径为：//*[@id='user-links']//a[contains(@class,'top-search')]]]>
    </line>
    <line>
      <![CDATA[获取到的元素为：<a class="top-search" href="javascript:void(0)"></a>]]>
    </line>
    <line>
      <![CDATA[执行的步骤名称为：输入搜索内容]]>
    </line>
    <line>
      <![CDATA[选择的Action为：元素做输入操作]]>
    </line>
    <line>
      <![CDATA[查找的locationType为：xpath元素路径为：//div[@id = 'user-links']//input[@id='search']]]>
    </line>
    <line>
      <![CDATA[获取到的元素为：<input class="input-text required-entry form-text mini-search" id="search" maxlength="128" name="q" placeholder="搜索" type="search"></input>]]>
    </line>
    <line>
      <![CDATA[输入参数为：I000079100]]>
    </line>
    <line>
      <![CDATA[执行的步骤名称为：点击搜索按钮]]>
    </line>
    <line>
      <![CDATA[选择的Action为：元素做点击操作]]>
    </line>
    <line>
      <![CDATA[查找的locationType为：xpath元素路径为：//div[@id = 'user-links']//button[@title='搜索']]]>
    </line>
    <line>
      <![CDATA[获取到的元素为：<button class="button search-button" title="搜索" type="submit">确定</button>]]>
    </line>
    <line>
      <![CDATA[执行的步骤名称为：校验搜索结果]]>
    </line>
    <line>
      <![CDATA[选择的Action为：校验元素是否存在]]>
    </line>
    <line>
      <![CDATA[查找的locationType为：xpath元素路径为：//div[@class='inner-banner']//h1[contains(text(),'搜索结果')]]]>
    </line>
    <line>
      <![CDATA[获取到的元素为：<h1>1 搜索结果 "I000079100"</h1>]]>
    </line>
    <line>
      <![CDATA[执行的步骤名称为：点击快速浏览]]>
    </line>
    <line>
      <![CDATA[选择的Action为：元素做点击操作]]>
    </line>
    <line>
      <![CDATA[查找的locationType为：xpath元素路径为：//a[contains(text(),'快速浏览')]]]>
    </line>
    <line>
      <![CDATA[获取到的元素为：<a class="hover-text link-right blank-btn mobile-hidden" href="https://www.makeupforever.cn/mcatalog/product/quickshop/id/2401/">快速浏览</a>]]>
    </line>
    <line>
      <![CDATA[执行的步骤名称为：等待弹窗]]>
    </line>
    <line>
      <![CDATA[选择的Action为：强制等待]]>
    </line>
    <line>
      <![CDATA[获取到的元素为：null]]>
    </line>
    <line>
      <![CDATA[强制等待3S]]>
    </line>
    <line>
      <![CDATA[执行的步骤名称为：切换到弹窗Iframe]]>
    </line>
    <line>
      <![CDATA[选择的Action为：切换Frame]]>
    </line>
    <line>
      <![CDATA[查找的locationType为：xpath元素路径为：//div[@class = 'fancybox-inner']//iframe]]>
    </line>
    <line>
      <![CDATA[获取到的元素为：<iframe class="fancybox-iframe" frameborder="0" hspace="0" id="fancybox-frame1576748831188" name="fancybox-frame1576748831188" scrolling="auto" src="https://www.makeupforever.cn/mcatalog/product/quickshop/id/2401/" vspace="0"></iframe>]]>
    </line>
    <line>
      <![CDATA[切换到的Iframe为：<iframe class="fancybox-iframe" frameborder="0" hspace="0" id="fancybox-frame1576748831188" name="fancybox-frame1576748831188" scrolling="auto" src="https://www.makeupforever.cn/mcatalog/product/quickshop/id/2401/" vspace="0"></iframe>]]>
    </line>
    <line>
      <![CDATA[执行的步骤名称为：强制等待切换iframe完成]]>
    </line>
    <line>
      <![CDATA[选择的Action为：强制等待]]>
    </line>
    <line>
      <![CDATA[获取到的元素为：null]]>
    </line>
    <line>
      <![CDATA[强制等待3S]]>
    </line>
    <line>
      <![CDATA[执行的步骤名称为：点击加购操作]]>
    </line>
    <line>
      <![CDATA[选择的Action为：元素做点击操作]]>
    </line>
    <line>
      <![CDATA[查找的locationType为：xpath元素路径为：//*[@id='btn-cart']]]>
    </line>
    <line>
      <![CDATA[获取到的元素为：<button class="button btn-cart" id="btn-cart" onclick="$('goto_cart').value=0;" title="添加到购物车" type="button">添加购物车</button>]]>
    </line>
    <line>
      <![CDATA[执行的步骤名称为：校验加购是否成功]]>
    </line>
    <line>
      <![CDATA[选择的Action为：校验元素是否存在]]>
    </line>
    <line>
      <![CDATA[查找的locationType为：xpath元素路径为：//*[contains(text(),'已添加到您的购物车')]]]>
    </line>
    <line>
      <![CDATA[获取到的元素为：<div class="add-cart-content">玫珂菲明星挚爱眼影 已添加到您的购物车。</div>]]>
    </line>
    <line>
      <![CDATA[执行的步骤名称为：切换到默认Iframe]]>
    </line>
    <line>
      <![CDATA[选择的Action为：切换到默认Frame]]>
    </line>
    <line>
      <![CDATA[获取到的元素为：null]]>
    </line>
    <line>
      <![CDATA[切换到默认的Iframe]]>
    </line>
    <line>
      <![CDATA[执行的步骤名称为：关闭快速浏览弹窗]]>
    </line>
    <line>
      <![CDATA[选择的Action为：元素做点击操作]]>
    </line>
    <line>
      <![CDATA[查找的locationType为：xpath元素路径为：//a[@title = 'Close']]]>
    </line>
    <line>
      <![CDATA[获取到的元素为：<a class="fancybox-item fancybox-close" href="javascript:;" title="Close"></a>]]>
    </line>
    <line>
      <![CDATA[执行的步骤名称为：点击购物车图标]]>
    </line>
    <line>
      <![CDATA[选择的Action为：元素做点击操作]]>
    </line>
    <line>
      <![CDATA[查找的locationType为：xpath元素路径为：//*[@id='user-links']//a[contains(@class,'top-minicart')]]]>
    </line>
    <line>
      <![CDATA[获取到的元素为：<a class="top-minicart  top-minicart-has-product" href="javascript:void(0);">1</a>]]>
    </line>
    <line>
      <![CDATA[执行的步骤名称为：点击查看购物车按钮]]>
    </line>
    <line>
      <![CDATA[选择的Action为：元素做点击操作]]>
    </line>
    <line>
      <![CDATA[查找的locationType为：xpath元素路径为：//*[@id='header-cart']//a[@class='cart-link-word']]]>
    </line>
    <line>
      <![CDATA[获取到的元素为：<a class="cart-link-word" href="https://www.makeupforever.cn/checkout/cart/">查看购物车</a>]]>
    </line>
    <line>
      <![CDATA[执行的步骤名称为：删除商品]]>
    </line>
    <line>
      <![CDATA[选择的Action为：元素做点击操作]]>
    </line>
    <line>
      <![CDATA[查找的locationType为：xpath元素路径为：//td[contains(@class,'remove')]//a[@title='删除项目']]]>
    </line>
    <line>
      <![CDATA[获取到的元素为：<a class="remove-button" href="https://www.makeupforever.cn/checkout/cart/delete/id/717446/uenc/aHR0cHM6Ly93d3cubWFrZXVwZm9yZXZlci5jbi9jaGVja291dC9jYXJ0Lw,,/" title="删除项目"></a>]]>
    </line>
    <line>
      <![CDATA[执行的步骤名称为：校验删除成功]]>
    </line>
    <line>
      <![CDATA[选择的Action为：校验元素是否存在]]>
    </line>
    <line>
      <![CDATA[查找的locationType为：xpath元素路径为：//p[text()='购物车为空']]]>
    </line>
    <line>
      <![CDATA[获取到的元素为：<p>购物车为空</p>]]>
    </line>
    <line>
      <![CDATA[使用的浏览器为：Chrome打开的默认URL为：https://www.makeupforever.cn]]>
    </line>
    <line>
      <![CDATA[21]]>
    </line>
    <line>
      <![CDATA[执行的步骤名称为：点击首页用户按钮]]>
    </line>
    <line>
      <![CDATA[选择的Action为：元素做点击操作]]>
    </line>
    <line>
      <![CDATA[查找的locationType为：xpath元素路径为：//div[@id='user-links']//a[contains(@class,'no-login')]]]>
    </line>
    <line>
      <![CDATA[获取到的元素为：<a class="top-account no-login" href="javascript:void(0)"></a>]]>
    </line>
    <line>
      <![CDATA[执行的步骤名称为：输入用户名]]>
    </line>
    <line>
      <![CDATA[选择的Action为：元素做输入操作]]>
    </line>
    <line>
      <![CDATA[查找的locationType为：xpath元素路径为：//*[@id='login:email']]]>
    </line>
    <line>
      <![CDATA[获取到的元素为：<input autocapitalize="off" autocorrect="off" class="input-text required-entry validate-email-phone" errormsg="*请输入正确的邮箱或手机号码" id="login:email" name="login[username]" spellcheck="false" tabindex="0" title="电子邮件地址" type="text"></input>]]>
    </line>
    <line>
      <![CDATA[输入参数为：15221527941]]>
    </line>
    <line>
      <![CDATA[执行的步骤名称为：输入密码]]>
    </line>
    <line>
      <![CDATA[选择的Action为：元素做输入操作]]>
    </line>
    <line>
      <![CDATA[查找的locationType为：xpath元素路径为：//*[@id='login:pass']]]>
    </line>
    <line>
      <![CDATA[获取到的元素为：<input autocomplete="false" class="input-text required-entry validate-password" errormsg="*请输入正确的密码" id="login:pass" name="login[password]" title="密码" type="password"></input>]]>
    </line>
    <line>
      <![CDATA[输入参数为：test123]]>
    </line>
    <line>
      <![CDATA[执行的步骤名称为：点击立即登录按钮]]>
    </line>
    <line>
      <![CDATA[选择的Action为：元素做点击操作]]>
    </line>
    <line>
      <![CDATA[查找的locationType为：xpath元素路径为：//*[@id='send2']]]>
    </line>
    <line>
      <![CDATA[获取到的元素为：<button class="button" id="send2" name="send" onclick="loginForm.submit();" title="登录" type="button">登录</button>]]>
    </line>
    <line>
      <![CDATA[执行的步骤名称为：校验登录是否成功]]>
    </line>
    <line>
      <![CDATA[选择的Action为：校验元素是否存在]]>
    </line>
    <line>
      <![CDATA[查找的locationType为：xpath元素路径为：//a[contains(text(),'注销')]]]>
    </line>
    <line>
      <![CDATA[获取到的元素为：<a href="https://www.makeupforever.cn/customer/account/logout/">注销</a>]]>
    </line>
    <line>
      <![CDATA[执行的步骤名称为：点击放大镜]]>
    </line>
    <line>
      <![CDATA[选择的Action为：元素做点击操作]]>
    </line>
    <line>
      <![CDATA[查找的locationType为：xpath元素路径为：//*[@id='user-links']//a[contains(@class,'top-search')]]]>
    </line>
    <line>
      <![CDATA[获取到的元素为：<a class="top-search" href="javascript:void(0)"></a>]]>
    </line>
    <line>
      <![CDATA[执行的步骤名称为：输入搜索内容]]>
    </line>
    <line>
      <![CDATA[选择的Action为：元素做输入操作]]>
    </line>
    <line>
      <![CDATA[查找的locationType为：xpath元素路径为：//div[@id = 'user-links']//input[@id='search']]]>
    </line>
    <line>
      <![CDATA[获取到的元素为：<input class="input-text required-entry form-text mini-search" id="search" maxlength="128" name="q" placeholder="搜索" type="search"></input>]]>
    </line>
    <line>
      <![CDATA[输入参数为：I000079100]]>
    </line>
    <line>
      <![CDATA[执行的步骤名称为：点击搜索按钮]]>
    </line>
    <line>
      <![CDATA[选择的Action为：元素做点击操作]]>
    </line>
    <line>
      <![CDATA[查找的locationType为：xpath元素路径为：//div[@id = 'user-links']//button[@title='搜索']]]>
    </line>
    <line>
      <![CDATA[获取到的元素为：<button class="button search-button" title="搜索" type="submit">确定</button>]]>
    </line>
    <line>
      <![CDATA[执行的步骤名称为：校验搜索结果]]>
    </line>
    <line>
      <![CDATA[选择的Action为：校验元素是否存在]]>
    </line>
    <line>
      <![CDATA[查找的locationType为：xpath元素路径为：//div[@class='inner-banner']//h1[contains(text(),'搜索结果')]]]>
    </line>
    <line>
      <![CDATA[获取到的元素为：<h1>1 搜索结果 "I000079100"</h1>]]>
    </line>
    <line>
      <![CDATA[执行的步骤名称为：点击快速浏览]]>
    </line>
    <line>
      <![CDATA[选择的Action为：元素做点击操作]]>
    </line>
    <line>
      <![CDATA[查找的locationType为：xpath元素路径为：//a[contains(text(),'快速浏览')]]]>
    </line>
    <line>
      <![CDATA[获取到的元素为：<a class="hover-text link-right blank-btn mobile-hidden" href="https://www.makeupforever.cn/mcatalog/product/quickshop/id/2401/">快速浏览</a>]]>
    </line>
    <line>
      <![CDATA[执行的步骤名称为：等待弹窗]]>
    </line>
    <line>
      <![CDATA[选择的Action为：强制等待]]>
    </line>
    <line>
      <![CDATA[获取到的元素为：null]]>
    </line>
    <line>
      <![CDATA[强制等待3S]]>
    </line>
    <line>
      <![CDATA[执行的步骤名称为：切换到弹窗Iframe]]>
    </line>
    <line>
      <![CDATA[选择的Action为：切换Frame]]>
    </line>
    <line>
      <![CDATA[查找的locationType为：xpath元素路径为：//div[@class = 'fancybox-inner']//iframe]]>
    </line>
    <line>
      <![CDATA[获取到的元素为：<iframe class="fancybox-iframe" frameborder="0" hspace="0" id="fancybox-frame1576749626961" name="fancybox-frame1576749626961" scrolling="auto" src="https://www.makeupforever.cn/mcatalog/product/quickshop/id/2401/" vspace="0"></iframe>]]>
    </line>
    <line>
      <![CDATA[切换到的Iframe为：<iframe class="fancybox-iframe" frameborder="0" hspace="0" id="fancybox-frame1576749626961" name="fancybox-frame1576749626961" scrolling="auto" src="https://www.makeupforever.cn/mcatalog/product/quickshop/id/2401/" vspace="0"></iframe>]]>
    </line>
    <line>
      <![CDATA[执行的步骤名称为：强制等待切换iframe完成]]>
    </line>
    <line>
      <![CDATA[选择的Action为：强制等待]]>
    </line>
    <line>
      <![CDATA[获取到的元素为：null]]>
    </line>
    <line>
      <![CDATA[强制等待3S]]>
    </line>
    <line>
      <![CDATA[执行的步骤名称为：点击加购操作]]>
    </line>
    <line>
      <![CDATA[选择的Action为：元素做点击操作]]>
    </line>
    <line>
      <![CDATA[查找的locationType为：xpath元素路径为：//*[@id='btn-cart']]]>
    </line>
    <line>
      <![CDATA[获取到的元素为：<button class="button btn-cart" id="btn-cart" onclick="$('goto_cart').value=0;" title="添加到购物车" type="button">添加购物车</button>]]>
    </line>
    <line>
      <![CDATA[执行的步骤名称为：校验加购是否成功]]>
    </line>
    <line>
      <![CDATA[选择的Action为：校验元素是否存在]]>
    </line>
    <line>
      <![CDATA[查找的locationType为：xpath元素路径为：//*[contains(text(),'已添加到您的购物车')]]]>
    </line>
    <line>
      <![CDATA[获取到的元素为：<div class="add-cart-content" displayed:false></div>]]>
    </line>
    <line>
      <![CDATA[执行的步骤名称为：切换到默认Iframe]]>
    </line>
    <line>
      <![CDATA[选择的Action为：切换到默认Frame]]>
    </line>
    <line>
      <![CDATA[获取到的元素为：null]]>
    </line>
    <line>
      <![CDATA[切换到默认的Iframe]]>
    </line>
    <line>
      <![CDATA[执行的步骤名称为：关闭快速浏览弹窗]]>
    </line>
    <line>
      <![CDATA[选择的Action为：元素做点击操作]]>
    </line>
    <line>
      <![CDATA[查找的locationType为：xpath元素路径为：//a[@title = 'Close']]]>
    </line>
    <line>
      <![CDATA[获取到的元素为：<a class="fancybox-item fancybox-close" href="javascript:;" title="Close"></a>]]>
    </line>
    <line>
      <![CDATA[执行的步骤名称为：点击购物车图标]]>
    </line>
    <line>
      <![CDATA[选择的Action为：元素做点击操作]]>
    </line>
    <line>
      <![CDATA[查找的locationType为：xpath元素路径为：//*[@id='user-links']//a[contains(@class,'top-minicart')]]]>
    </line>
    <line>
      <![CDATA[获取到的元素为：<a class="top-minicart " href="javascript:void(0);"></a>]]>
    </line>
    <line>
      <![CDATA[执行的步骤名称为：点击查看购物车按钮]]>
    </line>
    <line>
      <![CDATA[选择的Action为：元素做点击操作]]>
    </line>
    <line>
      <![CDATA[查找的locationType为：xpath元素路径为：//*[@id='header-cart']//a[@class='cart-link-word']]]>
    </line>
    <line>
      <![CDATA[使用的浏览器为：Chrome打开的默认URL为：https://www.makeupforever.cn]]>
    </line>
    <line>
      <![CDATA[20]]>
    </line>
    <line>
      <![CDATA[执行的步骤名称为：点击首页用户按钮]]>
    </line>
    <line>
      <![CDATA[选择的Action为：元素做点击操作]]>
    </line>
    <line>
      <![CDATA[查找的locationType为：xpath元素路径为：//div[@id='user-links']//a[contains(@class,'no-login')]]]>
    </line>
    <line>
      <![CDATA[获取到的元素为：<a class="top-account no-login" href="javascript:void(0)"></a>]]>
    </line>
    <line>
      <![CDATA[执行的步骤名称为：输入用户名]]>
    </line>
    <line>
      <![CDATA[选择的Action为：元素做输入操作]]>
    </line>
    <line>
      <![CDATA[查找的locationType为：xpath元素路径为：//*[@id='login:email']]]>
    </line>
    <line>
      <![CDATA[获取到的元素为：<input autocapitalize="off" autocorrect="off" class="input-text required-entry validate-email-phone" errormsg="*请输入正确的邮箱或手机号码" id="login:email" name="login[username]" spellcheck="false" tabindex="0" title="电子邮件地址" type="text"></input>]]>
    </line>
    <line>
      <![CDATA[输入参数为：15221527941]]>
    </line>
    <line>
      <![CDATA[执行的步骤名称为：输入密码]]>
    </line>
    <line>
      <![CDATA[选择的Action为：元素做输入操作]]>
    </line>
    <line>
      <![CDATA[查找的locationType为：xpath元素路径为：//*[@id='login:pass']]]>
    </line>
    <line>
      <![CDATA[获取到的元素为：<input autocomplete="false" class="input-text required-entry validate-password" errormsg="*请输入正确的密码" id="login:pass" name="login[password]" title="密码" type="password"></input>]]>
    </line>
    <line>
      <![CDATA[输入参数为：test123]]>
    </line>
    <line>
      <![CDATA[执行的步骤名称为：点击立即登录按钮]]>
    </line>
    <line>
      <![CDATA[选择的Action为：元素做点击操作]]>
    </line>
    <line>
      <![CDATA[查找的locationType为：xpath元素路径为：//*[@id='send2']]]>
    </line>
    <line>
      <![CDATA[获取到的元素为：<button class="button" id="send2" name="send" onclick="loginForm.submit();" title="登录" type="button">登录</button>]]>
    </line>
    <line>
      <![CDATA[执行的步骤名称为：校验登录是否成功]]>
    </line>
    <line>
      <![CDATA[选择的Action为：校验元素是否存在]]>
    </line>
    <line>
      <![CDATA[查找的locationType为：xpath元素路径为：//a[contains(text(),'注销')]]]>
    </line>
    <line>
      <![CDATA[获取到的元素为：<a href="https://www.makeupforever.cn/customer/account/logout/">注销</a>]]>
    </line>
    <line>
      <![CDATA[执行的步骤名称为：点击放大镜]]>
    </line>
    <line>
      <![CDATA[选择的Action为：元素做点击操作]]>
    </line>
    <line>
      <![CDATA[查找的locationType为：xpath元素路径为：//*[@id='user-links']//a[contains(@class,'top-search')]]]>
    </line>
    <line>
      <![CDATA[获取到的元素为：<a class="top-search" href="javascript:void(0)"></a>]]>
    </line>
    <line>
      <![CDATA[执行的步骤名称为：输入搜索内容]]>
    </line>
    <line>
      <![CDATA[选择的Action为：元素做输入操作]]>
    </line>
    <line>
      <![CDATA[查找的locationType为：xpath元素路径为：//div[@id = 'user-links']//input[@id='search']]]>
    </line>
    <line>
      <![CDATA[获取到的元素为：<input class="input-text required-entry form-text mini-search" id="search" maxlength="128" name="q" placeholder="搜索" type="search"></input>]]>
    </line>
    <line>
      <![CDATA[输入参数为：I000079100]]>
    </line>
    <line>
      <![CDATA[执行的步骤名称为：点击搜索按钮]]>
    </line>
    <line>
      <![CDATA[选择的Action为：元素做点击操作]]>
    </line>
    <line>
      <![CDATA[查找的locationType为：xpath元素路径为：//div[@id = 'user-links']//button[@title='搜索']]]>
    </line>
    <line>
      <![CDATA[获取到的元素为：<button class="button search-button" title="搜索" type="submit">确定</button>]]>
    </line>
    <line>
      <![CDATA[执行的步骤名称为：校验搜索结果]]>
    </line>
    <line>
      <![CDATA[选择的Action为：校验元素是否存在]]>
    </line>
    <line>
      <![CDATA[查找的locationType为：xpath元素路径为：//div[@class='inner-banner']//h1[contains(text(),'搜索结果')]]]>
    </line>
    <line>
      <![CDATA[获取到的元素为：<h1>1 搜索结果 "I000079100"</h1>]]>
    </line>
    <line>
      <![CDATA[执行的步骤名称为：点击搜索中的产品图片]]>
    </line>
    <line>
      <![CDATA[选择的Action为：元素做点击操作]]>
    </line>
    <line>
      <![CDATA[查找的locationType为：xpath元素路径为：//div[contains(@class,'pic')]//a]]>
    </line>
    <line>
      <![CDATA[获取到的元素为：<a href="https://www.makeupforever.cn/artist-color-shadow.html"></a>]]>
    </line>
    <line>
      <![CDATA[执行的步骤名称为：点击PDP的加入购物车按钮]]>
    </line>
    <line>
      <![CDATA[选择的Action为：元素做点击操作]]>
    </line>
    <line>
      <![CDATA[查找的locationType为：xpath元素路径为：//*[@id='btn-cart']]]>
    </line>
    <line>
      <![CDATA[使用的浏览器为：Chrome打开的默认URL为：https://www.makeupforever.cn]]>
    </line>
    <line>
      <![CDATA[使用的浏览器为：Chrome打开的默认URL为：https://www.makeupforever.cn]]>
    </line>
  </reporter-output>
  <suite name="Command line suite" duration-ms="12904" started-at="2019-12-19T20:24:18 CST" finished-at="2019-12-19T20:24:31 CST">
    <groups>
    </groups>
    <test name="Command line test" duration-ms="12904" started-at="2019-12-19T20:24:18 CST" finished-at="2019-12-19T20:24:31 CST">
      <class name="com.example.excute.ExcuteCase">
        <test-method status="PASS" signature="initExcuteLog()[pri:0, instance:com.example.excute.ExcuteCase@17573ef2]" name="initExcuteLog" is-config="true" duration-ms="114" started-at="2019-12-19T20:24:18 CST" finished-at="2019-12-19T20:24:18 CST">
          <reporter-output>
          </reporter-output>
        </test-method> <!-- initExcuteLog -->
        <test-method status="FAIL" signature="excute(com.example.model.UICase, java.util.List, org.testng.ITestContext)[pri:0, instance:com.example.excute.ExcuteCase@17573ef2]" name="excute" duration-ms="6641" started-at="2019-12-19T20:24:18 CST" data-provider="initData" finished-at="2019-12-19T20:24:25 CST">
          <params>
            <param index="0">
              <value>
                <![CDATA[com.example.model.UICase@1c0b8f97]]>
              </value>
            </param>
            <param index="1">
              <value>
                <![CDATA[[com.example.model.UIStep@686f9fbf, com.example.model.UIStep@4dc2900a, com.example.model.UIStep@603c91f, com.example.model.UIStep@65c9e3f3, com.example.model.UIStep@714f1a92, com.example.model.UIStep@28549671, com.example.model.UIStep@3087e955, com.example.model.UIStep@1a7b52cd, com.example.model.UIStep@13e9509a, com.example.model.UIStep@1f82bb88, com.example.model.UIStep@10c0346c, com.example.model.UIStep@506df183, com.example.model.UIStep@9d90694, com.example.model.UIStep@38da2dc, com.example.model.UIStep@127f9595, com.example.model.UIStep@2d218fb0, com.example.model.UIStep@6c0dc126, com.example.model.UIStep@2f80539, com.example.model.UIStep@6c45fbce, com.example.model.UIStep@4d38b5f9, com.example.model.UIStep@4fbe5989]]]>
              </value>
            </param>
            <param index="2">
              <value>
                <![CDATA[org.testng.TestRunner@78f11f71]]>
              </value>
            </param>
          </params>
          <exception class="org.openqa.selenium.WebDriverException">
            <message>
              <![CDATA[chrome not reachable
  (Session info: chrome=76.0.3809.132)
Build info: version: '3.14.0', revision: 'aacccce0', time: '2018-08-02T20:19:58.91Z'
System info: host: 'DELL18012504', ip: '192.168.217.110', os.name: 'Windows 10', os.arch: 'amd64', os.version: '10.0', java.version: '1.8.0_131'
Driver info: org.openqa.selenium.chrome.ChromeDriver
Capabilities {acceptInsecureCerts: false, browserName: chrome, browserVersion: 76.0.3809.132, chrome: {chromedriverVersion: 76.0.3809.126 (d80a294506b4..., userDataDir: C:\Users\D1M\AppData\Local\...}, goog:chromeOptions: {debuggerAddress: localhost:9058}, javascriptEnabled: true, networkConnectionEnabled: false, pageLoadStrategy: normal, platform: XP, platformName: XP, proxy: Proxy(), setWindowRect: true, strictFileInteractability: false, timeouts: {implicit: 0, pageLoad: 300000, script: 30000}, unhandledPromptBehavior: dismiss and notify}
Session ID: 3426a776fd14685b7aaaa6760d48ca10]]>
            </message>
            <full-stacktrace>
              <![CDATA[org.openqa.selenium.WebDriverException: chrome not reachable
  (Session info: chrome=76.0.3809.132)
Build info: version: '3.14.0', revision: 'aacccce0', time: '2018-08-02T20:19:58.91Z'
System info: host: 'DELL18012504', ip: '192.168.217.110', os.name: 'Windows 10', os.arch: 'amd64', os.version: '10.0', java.version: '1.8.0_131'
Driver info: org.openqa.selenium.chrome.ChromeDriver
Capabilities {acceptInsecureCerts: false, browserName: chrome, browserVersion: 76.0.3809.132, chrome: {chromedriverVersion: 76.0.3809.126 (d80a294506b4..., userDataDir: C:\Users\D1M\AppData\Local\...}, goog:chromeOptions: {debuggerAddress: localhost:9058}, javascriptEnabled: true, networkConnectionEnabled: false, pageLoadStrategy: normal, platform: XP, platformName: XP, proxy: Proxy(), setWindowRect: true, strictFileInteractability: false, timeouts: {implicit: 0, pageLoad: 300000, script: 30000}, unhandledPromptBehavior: dismiss and notify}
Session ID: 3426a776fd14685b7aaaa6760d48ca10
at sun.reflect.NativeConstructorAccessorImpl.newInstance0(Native Method)
at sun.reflect.NativeConstructorAccessorImpl.newInstance(NativeConstructorAccessorImpl.java:62)
at sun.reflect.DelegatingConstructorAccessorImpl.newInstance(DelegatingConstructorAccessorImpl.java:45)
at java.lang.reflect.Constructor.newInstance(Constructor.java:423)
at org.openqa.selenium.remote.http.W3CHttpResponseCodec.createException(W3CHttpResponseCodec.java:187)
at org.openqa.selenium.remote.http.W3CHttpResponseCodec.decode(W3CHttpResponseCodec.java:122)
at org.openqa.selenium.remote.http.W3CHttpResponseCodec.decode(W3CHttpResponseCodec.java:49)
at org.openqa.selenium.remote.HttpCommandExecutor.execute(HttpCommandExecutor.java:158)
at org.openqa.selenium.remote.service.DriverCommandExecutor.execute(DriverCommandExecutor.java:83)
at org.openqa.selenium.remote.RemoteWebDriver.execute(RemoteWebDriver.java:548)
at org.openqa.selenium.remote.RemoteWebDriver.execute(RemoteWebDriver.java:605)
at org.openqa.selenium.remote.RemoteWebDriver$RemoteWebDriverOptions.deleteAllCookies(RemoteWebDriver.java:690)
at com.codeborne.selenide.Driver.clearCookies(Driver.java:28)
at com.codeborne.selenide.SelenideDriver.clearCookies(SelenideDriver.java:154)
at com.codeborne.selenide.Selenide.clearBrowserCookies(Selenide.java:784)
at com.example.excute.ExcuteCase.excute(ExcuteCase.java:70)
at sun.reflect.NativeMethodAccessorImpl.invoke0(Native Method)
at sun.reflect.NativeMethodAccessorImpl.invoke(NativeMethodAccessorImpl.java:62)
at sun.reflect.DelegatingMethodAccessorImpl.invoke(DelegatingMethodAccessorImpl.java:43)
at java.lang.reflect.Method.invoke(Method.java:498)
at org.testng.internal.MethodInvocationHelper.invokeMethod(MethodInvocationHelper.java:133)
at org.testng.internal.TestInvoker.invokeMethod(TestInvoker.java:584)
at org.testng.internal.TestInvoker.invokeTestMethod(TestInvoker.java:172)
at org.testng.internal.MethodRunner.runInSequence(MethodRunner.java:46)
at org.testng.internal.TestInvoker$MethodInvocationAgent.invoke(TestInvoker.java:804)
at org.testng.internal.TestInvoker.invokeTestMethods(TestInvoker.java:145)
at org.testng.internal.TestMethodWorker.invokeTestMethods(TestMethodWorker.java:146)
at org.testng.internal.TestMethodWorker.run(TestMethodWorker.java:128)
at java.util.ArrayList.forEach(ArrayList.java:1249)
at org.testng.TestRunner.privateRun(TestRunner.java:770)
at org.testng.TestRunner.run(TestRunner.java:591)
at org.testng.SuiteRunner.runTest(SuiteRunner.java:402)
at org.testng.SuiteRunner.runSequentially(SuiteRunner.java:396)
at org.testng.SuiteRunner.privateRun(SuiteRunner.java:355)
at org.testng.SuiteRunner.run(SuiteRunner.java:304)
at org.testng.SuiteRunnerWorker.runSuite(SuiteRunnerWorker.java:53)
at org.testng.SuiteRunnerWorker.run(SuiteRunnerWorker.java:96)
at org.testng.TestNG.runSuitesSequentially(TestNG.java:1180)
at org.testng.TestNG.runSuitesLocally(TestNG.java:1102)
at org.testng.TestNG.runSuites(TestNG.java:1032)
at org.testng.TestNG.run(TestNG.java:1000)
at com.example.rabbitmq.ConsumeMq.consume(ConsumeMq.java:38)
at sun.reflect.NativeMethodAccessorImpl.invoke0(Native Method)
at sun.reflect.NativeMethodAccessorImpl.invoke(NativeMethodAccessorImpl.java:62)
at sun.reflect.DelegatingMethodAccessorImpl.invoke(DelegatingMethodAccessorImpl.java:43)
at java.lang.reflect.Method.invoke(Method.java:498)
at org.springframework.messaging.handler.invocation.InvocableHandlerMethod.doInvoke(InvocableHandlerMethod.java:171)
at org.springframework.messaging.handler.invocation.InvocableHandlerMethod.invoke(InvocableHandlerMethod.java:120)
at org.springframework.amqp.rabbit.listener.adapter.DelegatingInvocableHandler.invoke(DelegatingInvocableHandler.java:130)
at org.springframework.amqp.rabbit.listener.adapter.HandlerAdapter.invoke(HandlerAdapter.java:61)
at org.springframework.amqp.rabbit.listener.adapter.MessagingMessageListenerAdapter.invokeHandler(MessagingMessageListenerAdapter.java:196)
at org.springframework.amqp.rabbit.listener.adapter.MessagingMessageListenerAdapter.onMessage(MessagingMessageListenerAdapter.java:129)
at org.springframework.amqp.rabbit.listener.AbstractMessageListenerContainer.doInvokeListener(AbstractMessageListenerContainer.java:1542)
at org.springframework.amqp.rabbit.listener.AbstractMessageListenerContainer.actualInvokeListener(AbstractMessageListenerContainer.java:1468)
at org.springframework.amqp.rabbit.listener.AbstractMessageListenerContainer.invokeListener(AbstractMessageListenerContainer.java:1456)
at org.springframework.amqp.rabbit.listener.AbstractMessageListenerContainer.doExecuteListener(AbstractMessageListenerContainer.java:1451)
at org.springframework.amqp.rabbit.listener.AbstractMessageListenerContainer.executeListener(AbstractMessageListenerContainer.java:1400)
at org.springframework.amqp.rabbit.listener.SimpleMessageListenerContainer.doReceiveAndExecute(SimpleMessageListenerContainer.java:875)
at org.springframework.amqp.rabbit.listener.SimpleMessageListenerContainer.receiveAndExecute(SimpleMessageListenerContainer.java:859)
at org.springframework.amqp.rabbit.listener.SimpleMessageListenerContainer.access$1600(SimpleMessageListenerContainer.java:78)
at org.springframework.amqp.rabbit.listener.SimpleMessageListenerContainer$AsyncMessageProcessingConsumer.mainLoop(SimpleMessageListenerContainer.java:1142)
at org.springframework.amqp.rabbit.listener.SimpleMessageListenerContainer$AsyncMessageProcessingConsumer.run(SimpleMessageListenerContainer.java:1048)
at java.lang.Thread.run(Thread.java:748)
]]>
            </full-stacktrace>
          </exception> <!-- org.openqa.selenium.WebDriverException -->
          <reporter-output>
            <line>
              <![CDATA[使用的浏览器为：Chrome打开的默认URL为：https://www.makeupforever.cn]]>
            </line>
          </reporter-output>
        </test-method> <!-- excute -->
        <test-method status="FAIL" signature="excute(com.example.model.UICase, java.util.List, org.testng.ITestContext)[pri:0, instance:com.example.excute.ExcuteCase@17573ef2]" name="excute" duration-ms="6260" started-at="2019-12-19T20:24:25 CST" data-provider="initData" finished-at="2019-12-19T20:24:31 CST">
          <params>
            <param index="0">
              <value>
                <![CDATA[com.example.model.UICase@4ec840a0]]>
              </value>
            </param>
            <param index="1">
              <value>
                <![CDATA[[com.example.model.UIStep@3e224b06, com.example.model.UIStep@7e151c62, com.example.model.UIStep@eef9e46, com.example.model.UIStep@2c1b6457, com.example.model.UIStep@cd60a9, com.example.model.UIStep@566d8ade, com.example.model.UIStep@240223fb, com.example.model.UIStep@53ccd2f0, com.example.model.UIStep@38ef3808, com.example.model.UIStep@26e6eb1, com.example.model.UIStep@37c688fc, com.example.model.UIStep@2a897a6, com.example.model.UIStep@4346d083, com.example.model.UIStep@322c25bc, com.example.model.UIStep@312eca6d, com.example.model.UIStep@77fd6e49, com.example.model.UIStep@24a6afd, com.example.model.UIStep@5118aecd, com.example.model.UIStep@16a27b21, com.example.model.UIStep@ab1c09a]]]>
              </value>
            </param>
            <param index="2">
              <value>
                <![CDATA[org.testng.TestRunner@78f11f71]]>
              </value>
            </param>
          </params>
          <exception class="org.openqa.selenium.WebDriverException">
            <message>
              <![CDATA[chrome not reachable
  (Session info: chrome=76.0.3809.132)
Build info: version: '3.14.0', revision: 'aacccce0', time: '2018-08-02T20:19:58.91Z'
System info: host: 'DELL18012504', ip: '192.168.217.110', os.name: 'Windows 10', os.arch: 'amd64', os.version: '10.0', java.version: '1.8.0_131'
Driver info: org.openqa.selenium.chrome.ChromeDriver
Capabilities {acceptInsecureCerts: false, browserName: chrome, browserVersion: 76.0.3809.132, chrome: {chromedriverVersion: 76.0.3809.126 (d80a294506b4..., userDataDir: C:\Users\D1M\AppData\Local\...}, goog:chromeOptions: {debuggerAddress: localhost:9058}, javascriptEnabled: true, networkConnectionEnabled: false, pageLoadStrategy: normal, platform: XP, platformName: XP, proxy: Proxy(), setWindowRect: true, strictFileInteractability: false, timeouts: {implicit: 0, pageLoad: 300000, script: 30000}, unhandledPromptBehavior: dismiss and notify}
Session ID: 3426a776fd14685b7aaaa6760d48ca10]]>
            </message>
            <full-stacktrace>
              <![CDATA[org.openqa.selenium.WebDriverException: chrome not reachable
  (Session info: chrome=76.0.3809.132)
Build info: version: '3.14.0', revision: 'aacccce0', time: '2018-08-02T20:19:58.91Z'
System info: host: 'DELL18012504', ip: '192.168.217.110', os.name: 'Windows 10', os.arch: 'amd64', os.version: '10.0', java.version: '1.8.0_131'
Driver info: org.openqa.selenium.chrome.ChromeDriver
Capabilities {acceptInsecureCerts: false, browserName: chrome, browserVersion: 76.0.3809.132, chrome: {chromedriverVersion: 76.0.3809.126 (d80a294506b4..., userDataDir: C:\Users\D1M\AppData\Local\...}, goog:chromeOptions: {debuggerAddress: localhost:9058}, javascriptEnabled: true, networkConnectionEnabled: false, pageLoadStrategy: normal, platform: XP, platformName: XP, proxy: Proxy(), setWindowRect: true, strictFileInteractability: false, timeouts: {implicit: 0, pageLoad: 300000, script: 30000}, unhandledPromptBehavior: dismiss and notify}
Session ID: 3426a776fd14685b7aaaa6760d48ca10
at sun.reflect.NativeConstructorAccessorImpl.newInstance0(Native Method)
at sun.reflect.NativeConstructorAccessorImpl.newInstance(NativeConstructorAccessorImpl.java:62)
at sun.reflect.DelegatingConstructorAccessorImpl.newInstance(DelegatingConstructorAccessorImpl.java:45)
at java.lang.reflect.Constructor.newInstance(Constructor.java:423)
at org.openqa.selenium.remote.http.W3CHttpResponseCodec.createException(W3CHttpResponseCodec.java:187)
at org.openqa.selenium.remote.http.W3CHttpResponseCodec.decode(W3CHttpResponseCodec.java:122)
at org.openqa.selenium.remote.http.W3CHttpResponseCodec.decode(W3CHttpResponseCodec.java:49)
at org.openqa.selenium.remote.HttpCommandExecutor.execute(HttpCommandExecutor.java:158)
at org.openqa.selenium.remote.service.DriverCommandExecutor.execute(DriverCommandExecutor.java:83)
at org.openqa.selenium.remote.RemoteWebDriver.execute(RemoteWebDriver.java:548)
at org.openqa.selenium.remote.RemoteWebDriver.execute(RemoteWebDriver.java:605)
at org.openqa.selenium.remote.RemoteWebDriver$RemoteWebDriverOptions.deleteAllCookies(RemoteWebDriver.java:690)
at com.codeborne.selenide.Driver.clearCookies(Driver.java:28)
at com.codeborne.selenide.SelenideDriver.clearCookies(SelenideDriver.java:154)
at com.codeborne.selenide.Selenide.clearBrowserCookies(Selenide.java:784)
at com.example.excute.ExcuteCase.excute(ExcuteCase.java:70)
at sun.reflect.NativeMethodAccessorImpl.invoke0(Native Method)
at sun.reflect.NativeMethodAccessorImpl.invoke(NativeMethodAccessorImpl.java:62)
at sun.reflect.DelegatingMethodAccessorImpl.invoke(DelegatingMethodAccessorImpl.java:43)
at java.lang.reflect.Method.invoke(Method.java:498)
at org.testng.internal.MethodInvocationHelper.invokeMethod(MethodInvocationHelper.java:133)
at org.testng.internal.TestInvoker.invokeMethod(TestInvoker.java:584)
at org.testng.internal.TestInvoker.invokeTestMethod(TestInvoker.java:172)
at org.testng.internal.MethodRunner.runInSequence(MethodRunner.java:46)
at org.testng.internal.TestInvoker$MethodInvocationAgent.invoke(TestInvoker.java:804)
at org.testng.internal.TestInvoker.invokeTestMethods(TestInvoker.java:145)
at org.testng.internal.TestMethodWorker.invokeTestMethods(TestMethodWorker.java:146)
at org.testng.internal.TestMethodWorker.run(TestMethodWorker.java:128)
at java.util.ArrayList.forEach(ArrayList.java:1249)
at org.testng.TestRunner.privateRun(TestRunner.java:770)
at org.testng.TestRunner.run(TestRunner.java:591)
at org.testng.SuiteRunner.runTest(SuiteRunner.java:402)
at org.testng.SuiteRunner.runSequentially(SuiteRunner.java:396)
at org.testng.SuiteRunner.privateRun(SuiteRunner.java:355)
at org.testng.SuiteRunner.run(SuiteRunner.java:304)
at org.testng.SuiteRunnerWorker.runSuite(SuiteRunnerWorker.java:53)
at org.testng.SuiteRunnerWorker.run(SuiteRunnerWorker.java:96)
at org.testng.TestNG.runSuitesSequentially(TestNG.java:1180)
at org.testng.TestNG.runSuitesLocally(TestNG.java:1102)
at org.testng.TestNG.runSuites(TestNG.java:1032)
at org.testng.TestNG.run(TestNG.java:1000)
at com.example.rabbitmq.ConsumeMq.consume(ConsumeMq.java:38)
at sun.reflect.NativeMethodAccessorImpl.invoke0(Native Method)
at sun.reflect.NativeMethodAccessorImpl.invoke(NativeMethodAccessorImpl.java:62)
at sun.reflect.DelegatingMethodAccessorImpl.invoke(DelegatingMethodAccessorImpl.java:43)
at java.lang.reflect.Method.invoke(Method.java:498)
at org.springframework.messaging.handler.invocation.InvocableHandlerMethod.doInvoke(InvocableHandlerMethod.java:171)
at org.springframework.messaging.handler.invocation.InvocableHandlerMethod.invoke(InvocableHandlerMethod.java:120)
at org.springframework.amqp.rabbit.listener.adapter.DelegatingInvocableHandler.invoke(DelegatingInvocableHandler.java:130)
at org.springframework.amqp.rabbit.listener.adapter.HandlerAdapter.invoke(HandlerAdapter.java:61)
at org.springframework.amqp.rabbit.listener.adapter.MessagingMessageListenerAdapter.invokeHandler(MessagingMessageListenerAdapter.java:196)
at org.springframework.amqp.rabbit.listener.adapter.MessagingMessageListenerAdapter.onMessage(MessagingMessageListenerAdapter.java:129)
at org.springframework.amqp.rabbit.listener.AbstractMessageListenerContainer.doInvokeListener(AbstractMessageListenerContainer.java:1542)
at org.springframework.amqp.rabbit.listener.AbstractMessageListenerContainer.actualInvokeListener(AbstractMessageListenerContainer.java:1468)
at org.springframework.amqp.rabbit.listener.AbstractMessageListenerContainer.invokeListener(AbstractMessageListenerContainer.java:1456)
at org.springframework.amqp.rabbit.listener.AbstractMessageListenerContainer.doExecuteListener(AbstractMessageListenerContainer.java:1451)
at org.springframework.amqp.rabbit.listener.AbstractMessageListenerContainer.executeListener(AbstractMessageListenerContainer.java:1400)
at org.springframework.amqp.rabbit.listener.SimpleMessageListenerContainer.doReceiveAndExecute(SimpleMessageListenerContainer.java:875)
at org.springframework.amqp.rabbit.listener.SimpleMessageListenerContainer.receiveAndExecute(SimpleMessageListenerContainer.java:859)
at org.springframework.amqp.rabbit.listener.SimpleMessageListenerContainer.access$1600(SimpleMessageListenerContainer.java:78)
at org.springframework.amqp.rabbit.listener.SimpleMessageListenerContainer$AsyncMessageProcessingConsumer.mainLoop(SimpleMessageListenerContainer.java:1142)
at org.springframework.amqp.rabbit.listener.SimpleMessageListenerContainer$AsyncMessageProcessingConsumer.run(SimpleMessageListenerContainer.java:1048)
at java.lang.Thread.run(Thread.java:748)
]]>
            </full-stacktrace>
          </exception> <!-- org.openqa.selenium.WebDriverException -->
          <reporter-output>
            <line>
              <![CDATA[使用的浏览器为：Chrome打开的默认URL为：https://www.makeupforever.cn]]>
            </line>
          </reporter-output>
        </test-method> <!-- excute -->
      </class> <!-- com.example.excute.ExcuteCase -->
    </test> <!-- Command line test -->
  </suite> <!-- Command line suite -->
</testng-results>
