<?xml version="1.0" encoding="UTF-8"?>
<testng-results skipped="0" failed="0" ignored="0" total="1" passed="1">
  <reporter-output>
    <line>
      <![CDATA[使用的浏览器为：chrome打开的默认URL为：http://testircloud.iresearchdata.cn/one-media/login]]>
    </line>
    <line>
      <![CDATA[使用的浏览器为：chrome打开的默认URL为：http://testircloud.iresearchdata.cn/one-media/login]]>
    </line>
    <line>
      <![CDATA[使用的浏览器为：firefox打开的默认URL为：http://testircloud.iresearchdata.cn/one-media/login]]>
    </line>
    <line>
      <![CDATA[18]]>
    </line>
    <line>
      <![CDATA[执行的步骤名称为：1]]>
    </line>
    <line>
      <![CDATA[选择的Action为：元素做输入操作]]>
    </line>
    <line>
      <![CDATA[查找的locationType为：xpath元素路径为：.//*[@id='app']/div/div/form/div[1]/div/div/input]]>
    </line>
    <line>
      <![CDATA[获取到的元素为：<input autocomplete="off" class="el-input__inner" placeholder="请输入用户名" type="text" value></input>]]>
    </line>
    <line>
      <![CDATA[输入参数为：iris]]>
    </line>
    <line>
      <![CDATA[执行的步骤名称为：2]]>
    </line>
    <line>
      <![CDATA[选择的Action为：元素做输入操作]]>
    </line>
    <line>
      <![CDATA[查找的locationType为：xpath元素路径为：.//*[@id='app']/div/div/form/div[2]/div/div/input]]>
    </line>
    <line>
      <![CDATA[获取到的元素为：<input autocomplete="off" class="el-input__inner" placeholder="请输入密码" type="password" value></input>]]>
    </line>
    <line>
      <![CDATA[输入参数为：123456]]>
    </line>
    <line>
      <![CDATA[执行的步骤名称为：3]]>
    </line>
    <line>
      <![CDATA[选择的Action为：元素做点击操作]]>
    </line>
    <line>
      <![CDATA[查找的locationType为：xpath元素路径为：.//*[@id='app']/div/div/form/div[3]/div/button]]>
    </line>
    <line>
      <![CDATA[获取到的元素为：<button class="el-button el-button--primary" data-v-68a944d1 type="button" value>登录</button>]]>
    </line>
    <line>
      <![CDATA[执行的步骤名称为：1]]>
    </line>
    <line>
      <![CDATA[选择的Action为：元素做点击操作]]>
    </line>
    <line>
      <![CDATA[查找的locationType为：xpath元素路径为：//a[contains(text(),'投放管理')]]]>
    </line>
    <line>
      <![CDATA[获取到的元素为：<a class data-v-3288c69c href="/one-media/management" type>投放管理</a>]]>
    </line>
    <line>
      <![CDATA[执行的步骤名称为：2]]>
    </line>
    <line>
      <![CDATA[选择的Action为：元素做点击操作]]>
    </line>
    <line>
      <![CDATA[查找的locationType为：xpath元素路径为：//tbody//tr[1]//span[contains(text(),'编辑')]]]>
    </line>
    <line>
      <![CDATA[获取到的元素为：<span>编辑</span>]]>
    </line>
    <line>
      <![CDATA[执行的步骤名称为：3]]>
    </line>
    <line>
      <![CDATA[选择的Action为：元素做点击操作]]>
    </line>
    <line>
      <![CDATA[查找的locationType为：xpath元素路径为：.//*[@id='app']/div/div[3]/div[3]/div/div[2]/div/div[2]/div[2]/div/div/input]]>
    </line>
    <line>
      <![CDATA[获取到的元素为：<input autocomplete="off" class="el-input__inner" placeholder="请选择" readonly="readonly" type="text" value="抖音"></input>]]>
    </line>
    <line>
      <![CDATA[执行的步骤名称为：4]]>
    </line>
    <line>
      <![CDATA[选择的Action为：元素做点击操作]]>
    </line>
    <line>
      <![CDATA[查找的locationType为：xpath元素路径为：//span[text() = '淘宝直播']]]>
    </line>
    <line>
      <![CDATA[获取到的元素为：<span>淘宝直播</span>]]>
    </line>
    <line>
      <![CDATA[执行的步骤名称为：5]]>
    </line>
    <line>
      <![CDATA[选择的Action为：元素做点击操作]]>
    </line>
    <line>
      <![CDATA[查找的locationType为：xpath元素路径为：//input[@placeholder='请输入KOL关键词']]]>
    </line>
    <line>
      <![CDATA[获取到的元素为：<input autocomplete="off" class="el-input__inner" placeholder="请输入KOL关键词" readonly="readonly" type="text" value></input>]]>
    </line>
    <line>
      <![CDATA[执行的步骤名称为：6]]>
    </line>
    <line>
      <![CDATA[选择的Action为：元素做输入操作]]>
    </line>
    <line>
      <![CDATA[查找的locationType为：xpath元素路径为：//input[@placeholder='请输入KOL关键词']]]>
    </line>
    <line>
      <![CDATA[获取到的元素为：<input autocomplete="off" class="el-input__inner" placeholder="请输入KOL关键词" type="text" value></input>]]>
    </line>
    <line>
      <![CDATA[输入参数为：店铺测试001]]>
    </line>
    <line>
      <![CDATA[执行的步骤名称为：7]]>
    </line>
    <line>
      <![CDATA[选择的Action为：强制等待]]>
    </line>
    <line>
      <![CDATA[获取到的元素为：null]]>
    </line>
    <line>
      <![CDATA[强制等待3S]]>
    </line>
    <line>
      <![CDATA[执行的步骤名称为：8]]>
    </line>
    <line>
      <![CDATA[选择的Action为：校验元素是否存在]]>
    </line>
    <line>
      <![CDATA[查找的locationType为：xpath元素路径为：//span[contains(text(), '店铺测试001')]]]>
    </line>
    <line>
      <![CDATA[获取到的元素为：<span class="name" data-v-868ba82c>店铺测试001</span>]]>
    </line>
    <line>
      <![CDATA[执行的步骤名称为：9]]>
    </line>
    <line>
      <![CDATA[选择的Action为：元素做点击操作]]>
    </line>
    <line>
      <![CDATA[查找的locationType为：xpath元素路径为：//input[@placeholder='选择日期']]]>
    </line>
    <line>
      <![CDATA[获取到的元素为：<input autocomplete="off" class="el-input__inner" name placeholder="选择日期" type="text" value="2020-09-18"></input>]]>
    </line>
    <line>
      <![CDATA[执行的步骤名称为：10]]>
    </line>
    <line>
      <![CDATA[选择的Action为：元素做点击操作]]>
    </line>
    <line>
      <![CDATA[查找的locationType为：xpath元素路径为：html/body/div[6]/div[1]/div/div[2]/table[1]/tbody/tr[4]/td[6]/div]]>
    </line>
    <line>
      <![CDATA[获取到的元素为：<div>18</div>]]>
    </line>
    <line>
      <![CDATA[执行的步骤名称为：11]]>
    </line>
    <line>
      <![CDATA[选择的Action为：元素做点击操作]]>
    </line>
    <line>
      <![CDATA[查找的locationType为：xpath元素路径为：.//*[@id='app']/div/div[3]/div[3]/div/div[2]/div/div[2]/div[7]/div/div/input]]>
    </line>
    <line>
      <![CDATA[获取到的元素为：<input autocomplete="off" class="el-input__inner" placeholder="请选择" readonly="readonly" type="text" value></input>]]>
    </line>
    <line>
      <![CDATA[执行的步骤名称为：12]]>
    </line>
    <line>
      <![CDATA[选择的Action为：元素做点击操作]]>
    </line>
    <line>
      <![CDATA[查找的locationType为：xpath元素路径为：//span[text() = '16']//parent::li]]>
    </line>
    <line>
      <![CDATA[获取到的元素为：<li class="el-select-dropdown__item selected" data-v-36aa87bc type value="0" displayed:false></li>]]>
    </line>
    <line>
      <![CDATA[使用的浏览器为：firefox打开的默认URL为：http://testircloud.iresearchdata.cn/one-media/login]]>
    </line>
    <line>
      <![CDATA[18]]>
    </line>
    <line>
      <![CDATA[执行的步骤名称为：1]]>
    </line>
    <line>
      <![CDATA[选择的Action为：元素做输入操作]]>
    </line>
    <line>
      <![CDATA[查找的locationType为：xpath元素路径为：.//*[@id='app']/div/div/form/div[1]/div/div/input]]>
    </line>
    <line>
      <![CDATA[获取到的元素为：<input autocomplete="off" class="el-input__inner" placeholder="请输入用户名" type="text" value></input>]]>
    </line>
    <line>
      <![CDATA[输入参数为：iris]]>
    </line>
    <line>
      <![CDATA[执行的步骤名称为：2]]>
    </line>
    <line>
      <![CDATA[选择的Action为：元素做输入操作]]>
    </line>
    <line>
      <![CDATA[查找的locationType为：xpath元素路径为：.//*[@id='app']/div/div/form/div[2]/div/div/input]]>
    </line>
    <line>
      <![CDATA[获取到的元素为：<input autocomplete="off" class="el-input__inner" placeholder="请输入密码" type="password" value></input>]]>
    </line>
    <line>
      <![CDATA[输入参数为：123456]]>
    </line>
    <line>
      <![CDATA[执行的步骤名称为：3]]>
    </line>
    <line>
      <![CDATA[选择的Action为：元素做点击操作]]>
    </line>
    <line>
      <![CDATA[查找的locationType为：xpath元素路径为：.//*[@id='app']/div/div/form/div[3]/div/button]]>
    </line>
    <line>
      <![CDATA[获取到的元素为：<button class="el-button el-button--primary" data-v-68a944d1 type="button" value>登录</button>]]>
    </line>
    <line>
      <![CDATA[执行的步骤名称为：1]]>
    </line>
    <line>
      <![CDATA[选择的Action为：元素做点击操作]]>
    </line>
    <line>
      <![CDATA[查找的locationType为：xpath元素路径为：//a[contains(text(),'投放管理')]]]>
    </line>
    <line>
      <![CDATA[获取到的元素为：<a class data-v-3288c69c href="/one-media/management" type>投放管理</a>]]>
    </line>
    <line>
      <![CDATA[执行的步骤名称为：2]]>
    </line>
    <line>
      <![CDATA[选择的Action为：元素做点击操作]]>
    </line>
    <line>
      <![CDATA[查找的locationType为：xpath元素路径为：//tbody//tr[1]//span[contains(text(),'编辑')]]]>
    </line>
    <line>
      <![CDATA[获取到的元素为：<span>编辑</span>]]>
    </line>
    <line>
      <![CDATA[执行的步骤名称为：3]]>
    </line>
    <line>
      <![CDATA[选择的Action为：元素做点击操作]]>
    </line>
    <line>
      <![CDATA[查找的locationType为：xpath元素路径为：.//*[@id='app']/div/div[3]/div[3]/div/div[2]/div/div[2]/div[2]/div/div/input]]>
    </line>
    <line>
      <![CDATA[获取到的元素为：<input autocomplete="off" class="el-input__inner" placeholder="请选择" readonly="readonly" type="text" value="抖音"></input>]]>
    </line>
    <line>
      <![CDATA[执行的步骤名称为：4]]>
    </line>
    <line>
      <![CDATA[选择的Action为：元素做点击操作]]>
    </line>
    <line>
      <![CDATA[查找的locationType为：xpath元素路径为：//span[text() = '淘宝直播']]]>
    </line>
    <line>
      <![CDATA[获取到的元素为：<span>淘宝直播</span>]]>
    </line>
    <line>
      <![CDATA[执行的步骤名称为：5]]>
    </line>
    <line>
      <![CDATA[选择的Action为：元素做点击操作]]>
    </line>
    <line>
      <![CDATA[查找的locationType为：xpath元素路径为：//input[@placeholder='请输入KOL关键词']]]>
    </line>
    <line>
      <![CDATA[获取到的元素为：<input autocomplete="off" class="el-input__inner" placeholder="请输入KOL关键词" readonly="readonly" type="text" value></input>]]>
    </line>
    <line>
      <![CDATA[执行的步骤名称为：6]]>
    </line>
    <line>
      <![CDATA[选择的Action为：元素做输入操作]]>
    </line>
    <line>
      <![CDATA[查找的locationType为：xpath元素路径为：//input[@placeholder='请输入KOL关键词']]]>
    </line>
    <line>
      <![CDATA[获取到的元素为：<input autocomplete="off" class="el-input__inner" placeholder="请输入KOL关键词" type="text" value></input>]]>
    </line>
    <line>
      <![CDATA[输入参数为：店铺测试001]]>
    </line>
    <line>
      <![CDATA[执行的步骤名称为：7]]>
    </line>
    <line>
      <![CDATA[选择的Action为：强制等待]]>
    </line>
    <line>
      <![CDATA[获取到的元素为：null]]>
    </line>
    <line>
      <![CDATA[强制等待3S]]>
    </line>
    <line>
      <![CDATA[执行的步骤名称为：8]]>
    </line>
    <line>
      <![CDATA[选择的Action为：校验元素是否存在]]>
    </line>
    <line>
      <![CDATA[查找的locationType为：xpath元素路径为：//span[contains(text(), '店铺测试001')]]]>
    </line>
    <line>
      <![CDATA[获取到的元素为：<span class="name" data-v-868ba82c>店铺测试001</span>]]>
    </line>
    <line>
      <![CDATA[执行的步骤名称为：9]]>
    </line>
    <line>
      <![CDATA[选择的Action为：元素做点击操作]]>
    </line>
    <line>
      <![CDATA[查找的locationType为：xpath元素路径为：//input[@placeholder='选择日期']]]>
    </line>
    <line>
      <![CDATA[获取到的元素为：<input autocomplete="off" class="el-input__inner" name placeholder="选择日期" type="text" value></input>]]>
    </line>
    <line>
      <![CDATA[执行的步骤名称为：10]]>
    </line>
    <line>
      <![CDATA[选择的Action为：元素做点击操作]]>
    </line>
    <line>
      <![CDATA[查找的locationType为：xpath元素路径为：html/body/div[6]/div[1]/div/div[2]/table[1]/tbody/tr[4]/td[6]/div]]>
    </line>
    <line>
      <![CDATA[获取到的元素为：<div>18</div>]]>
    </line>
    <line>
      <![CDATA[执行的步骤名称为：11]]>
    </line>
    <line>
      <![CDATA[选择的Action为：元素做点击操作]]>
    </line>
    <line>
      <![CDATA[查找的locationType为：xpath元素路径为：.//*[@id='app']/div/div[3]/div[3]/div/div[2]/div/div[2]/div[7]/div/div/input]]>
    </line>
    <line>
      <![CDATA[获取到的元素为：<input autocomplete="off" class="el-input__inner" placeholder="请选择" readonly="readonly" type="text" value></input>]]>
    </line>
    <line>
      <![CDATA[执行的步骤名称为：12]]>
    </line>
    <line>
      <![CDATA[选择的Action为：元素做点击操作]]>
    </line>
    <line>
      <![CDATA[查找的locationType为：xpath元素路径为：//span[text() = '16']//parent::li]]>
    </line>
    <line>
      <![CDATA[获取到的元素为：<li class="el-select-dropdown__item" data-v-36aa87bc type value="0">16</li>]]>
    </line>
    <line>
      <![CDATA[执行的步骤名称为：13]]>
    </line>
    <line>
      <![CDATA[选择的Action为：强制等待]]>
    </line>
    <line>
      <![CDATA[获取到的元素为：null]]>
    </line>
    <line>
      <![CDATA[强制等待3S]]>
    </line>
    <line>
      <![CDATA[执行的步骤名称为：14]]>
    </line>
    <line>
      <![CDATA[选择的Action为：元素做点击操作]]>
    </line>
    <line>
      <![CDATA[查找的locationType为：xpath元素路径为：//span[contains(text(),'添加')]]]>
    </line>
    <line>
      <![CDATA[获取到的元素为：<span>添加</span>]]>
    </line>
    <line>
      <![CDATA[执行的步骤名称为：15]]>
    </line>
    <line>
      <![CDATA[选择的Action为：校验元素是否存在]]>
    </line>
    <line>
      <![CDATA[查找的locationType为：xpath元素路径为：//div[@class = 'detail-info']//div[@class = 'manage-table']//tbody//tr]]>
    </line>
    <line>
      <![CDATA[使用的浏览器为：firefox打开的默认URL为：http://testircloud.iresearchdata.cn/one-media/login]]>
    </line>
    <line>
      <![CDATA[18]]>
    </line>
    <line>
      <![CDATA[执行的步骤名称为：1]]>
    </line>
    <line>
      <![CDATA[选择的Action为：元素做输入操作]]>
    </line>
    <line>
      <![CDATA[查找的locationType为：xpath元素路径为：.//*[@id='app']/div/div/form/div[1]/div/div/input]]>
    </line>
    <line>
      <![CDATA[获取到的元素为：<input autocomplete="off" class="el-input__inner" placeholder="请输入用户名" type="text" value></input>]]>
    </line>
    <line>
      <![CDATA[输入参数为：iris]]>
    </line>
    <line>
      <![CDATA[执行的步骤名称为：2]]>
    </line>
    <line>
      <![CDATA[选择的Action为：元素做输入操作]]>
    </line>
    <line>
      <![CDATA[查找的locationType为：xpath元素路径为：.//*[@id='app']/div/div/form/div[2]/div/div/input]]>
    </line>
    <line>
      <![CDATA[获取到的元素为：<input autocomplete="off" class="el-input__inner" placeholder="请输入密码" type="password" value></input>]]>
    </line>
    <line>
      <![CDATA[输入参数为：123456]]>
    </line>
    <line>
      <![CDATA[执行的步骤名称为：3]]>
    </line>
    <line>
      <![CDATA[选择的Action为：元素做点击操作]]>
    </line>
    <line>
      <![CDATA[查找的locationType为：xpath元素路径为：.//*[@id='app']/div/div/form/div[3]/div/button]]>
    </line>
    <line>
      <![CDATA[获取到的元素为：<button class="el-button el-button--primary" data-v-68a944d1 type="button" value>登录</button>]]>
    </line>
    <line>
      <![CDATA[执行的步骤名称为：1]]>
    </line>
    <line>
      <![CDATA[选择的Action为：元素做点击操作]]>
    </line>
    <line>
      <![CDATA[查找的locationType为：xpath元素路径为：//a[contains(text(),'投放管理')]]]>
    </line>
    <line>
      <![CDATA[获取到的元素为：<a class data-v-3288c69c href="/one-media/management" type>投放管理</a>]]>
    </line>
    <line>
      <![CDATA[执行的步骤名称为：2]]>
    </line>
    <line>
      <![CDATA[选择的Action为：元素做点击操作]]>
    </line>
    <line>
      <![CDATA[查找的locationType为：xpath元素路径为：//tbody//tr[1]//span[contains(text(),'编辑')]]]>
    </line>
    <line>
      <![CDATA[获取到的元素为：<span>编辑</span>]]>
    </line>
    <line>
      <![CDATA[执行的步骤名称为：3]]>
    </line>
    <line>
      <![CDATA[选择的Action为：元素做点击操作]]>
    </line>
    <line>
      <![CDATA[查找的locationType为：xpath元素路径为：.//*[@id='app']/div/div[3]/div[3]/div/div[2]/div/div[2]/div[2]/div/div/input]]>
    </line>
    <line>
      <![CDATA[获取到的元素为：<input autocomplete="off" class="el-input__inner" placeholder="请选择" readonly="readonly" type="text" value="抖音"></input>]]>
    </line>
    <line>
      <![CDATA[执行的步骤名称为：4]]>
    </line>
    <line>
      <![CDATA[选择的Action为：元素做点击操作]]>
    </line>
    <line>
      <![CDATA[查找的locationType为：xpath元素路径为：//span[text() = '淘宝直播']]]>
    </line>
    <line>
      <![CDATA[获取到的元素为：<span>淘宝直播</span>]]>
    </line>
    <line>
      <![CDATA[执行的步骤名称为：5]]>
    </line>
    <line>
      <![CDATA[选择的Action为：元素做点击操作]]>
    </line>
    <line>
      <![CDATA[查找的locationType为：xpath元素路径为：//input[@placeholder='请输入KOL关键词']]]>
    </line>
    <line>
      <![CDATA[获取到的元素为：<input autocomplete="off" class="el-input__inner" placeholder="请输入KOL关键词" readonly="readonly" type="text" value></input>]]>
    </line>
    <line>
      <![CDATA[执行的步骤名称为：6]]>
    </line>
    <line>
      <![CDATA[选择的Action为：元素做输入操作]]>
    </line>
    <line>
      <![CDATA[查找的locationType为：xpath元素路径为：//input[@placeholder='请输入KOL关键词']]]>
    </line>
    <line>
      <![CDATA[获取到的元素为：<input autocomplete="off" class="el-input__inner" placeholder="请输入KOL关键词" type="text" value></input>]]>
    </line>
    <line>
      <![CDATA[输入参数为：店铺测试001]]>
    </line>
    <line>
      <![CDATA[执行的步骤名称为：7]]>
    </line>
    <line>
      <![CDATA[选择的Action为：强制等待]]>
    </line>
    <line>
      <![CDATA[获取到的元素为：null]]>
    </line>
    <line>
      <![CDATA[强制等待3S]]>
    </line>
    <line>
      <![CDATA[执行的步骤名称为：8]]>
    </line>
    <line>
      <![CDATA[选择的Action为：校验元素是否存在]]>
    </line>
    <line>
      <![CDATA[查找的locationType为：xpath元素路径为：//span[contains(text(), '店铺测试001')]]]>
    </line>
    <line>
      <![CDATA[获取到的元素为：<span class="name" data-v-868ba82c>店铺测试001</span>]]>
    </line>
    <line>
      <![CDATA[执行的步骤名称为：9]]>
    </line>
    <line>
      <![CDATA[选择的Action为：元素做点击操作]]>
    </line>
    <line>
      <![CDATA[查找的locationType为：xpath元素路径为：//input[@placeholder='选择日期']]]>
    </line>
    <line>
      <![CDATA[获取到的元素为：<input autocomplete="off" class="el-input__inner" name placeholder="选择日期" type="text" value></input>]]>
    </line>
    <line>
      <![CDATA[执行的步骤名称为：10]]>
    </line>
    <line>
      <![CDATA[选择的Action为：元素做点击操作]]>
    </line>
    <line>
      <![CDATA[查找的locationType为：xpath元素路径为：html/body/div[6]/div[1]/div/div[2]/table[1]/tbody/tr[4]/td[6]/div]]>
    </line>
    <line>
      <![CDATA[获取到的元素为：<div>18</div>]]>
    </line>
    <line>
      <![CDATA[执行的步骤名称为：11]]>
    </line>
    <line>
      <![CDATA[选择的Action为：元素做点击操作]]>
    </line>
    <line>
      <![CDATA[查找的locationType为：xpath元素路径为：.//*[@id='app']/div/div[3]/div[3]/div/div[2]/div/div[2]/div[7]/div/div/input]]>
    </line>
    <line>
      <![CDATA[获取到的元素为：<input autocomplete="off" class="el-input__inner" placeholder="请选择" readonly="readonly" type="text" value></input>]]>
    </line>
    <line>
      <![CDATA[执行的步骤名称为：12]]>
    </line>
    <line>
      <![CDATA[选择的Action为：元素做点击操作]]>
    </line>
    <line>
      <![CDATA[查找的locationType为：xpath元素路径为：//span[text() = '16']//parent::li]]>
    </line>
    <line>
      <![CDATA[获取到的元素为：<li class="el-select-dropdown__item" data-v-36aa87bc type value="0">16</li>]]>
    </line>
    <line>
      <![CDATA[执行的步骤名称为：13]]>
    </line>
    <line>
      <![CDATA[选择的Action为：强制等待]]>
    </line>
    <line>
      <![CDATA[获取到的元素为：null]]>
    </line>
    <line>
      <![CDATA[强制等待3S]]>
    </line>
    <line>
      <![CDATA[执行的步骤名称为：14]]>
    </line>
    <line>
      <![CDATA[选择的Action为：元素做点击操作]]>
    </line>
    <line>
      <![CDATA[查找的locationType为：xpath元素路径为：//span[contains(text(),'添加')]]]>
    </line>
    <line>
      <![CDATA[获取到的元素为：<span>添加</span>]]>
    </line>
    <line>
      <![CDATA[执行的步骤名称为：15]]>
    </line>
    <line>
      <![CDATA[选择的Action为：校验元素是否存在]]>
    </line>
    <line>
      <![CDATA[查找的locationType为：xpath元素路径为：//div[@class = 'detail-info']//div[@class = 'manage-table']//tbody//tr]]>
    </line>
    <line>
      <![CDATA[使用的浏览器为：firefox打开的默认URL为：http://testircloud.iresearchdata.cn/one-media/login]]>
    </line>
    <line>
      <![CDATA[18]]>
    </line>
    <line>
      <![CDATA[执行的步骤名称为：1]]>
    </line>
    <line>
      <![CDATA[选择的Action为：元素做输入操作]]>
    </line>
    <line>
      <![CDATA[查找的locationType为：xpath元素路径为：.//*[@id='app']/div/div/form/div[1]/div/div/input]]>
    </line>
    <line>
      <![CDATA[获取到的元素为：<input autocomplete="off" class="el-input__inner" placeholder="请输入用户名" type="text" value></input>]]>
    </line>
    <line>
      <![CDATA[输入参数为：iris]]>
    </line>
    <line>
      <![CDATA[执行的步骤名称为：2]]>
    </line>
    <line>
      <![CDATA[选择的Action为：元素做输入操作]]>
    </line>
    <line>
      <![CDATA[查找的locationType为：xpath元素路径为：.//*[@id='app']/div/div/form/div[2]/div/div/input]]>
    </line>
    <line>
      <![CDATA[获取到的元素为：<input autocomplete="off" class="el-input__inner" placeholder="请输入密码" type="password" value></input>]]>
    </line>
    <line>
      <![CDATA[输入参数为：123456]]>
    </line>
    <line>
      <![CDATA[执行的步骤名称为：3]]>
    </line>
    <line>
      <![CDATA[选择的Action为：元素做点击操作]]>
    </line>
    <line>
      <![CDATA[查找的locationType为：xpath元素路径为：.//*[@id='app']/div/div/form/div[3]/div/button]]>
    </line>
    <line>
      <![CDATA[获取到的元素为：<button class="el-button el-button--primary" data-v-68a944d1 type="button" value>登录</button>]]>
    </line>
    <line>
      <![CDATA[执行的步骤名称为：1]]>
    </line>
    <line>
      <![CDATA[选择的Action为：元素做点击操作]]>
    </line>
    <line>
      <![CDATA[查找的locationType为：xpath元素路径为：//a[contains(text(),'投放管理')]]]>
    </line>
    <line>
      <![CDATA[获取到的元素为：<a class data-v-3288c69c href="/one-media/management" type>投放管理</a>]]>
    </line>
    <line>
      <![CDATA[执行的步骤名称为：2]]>
    </line>
    <line>
      <![CDATA[选择的Action为：元素做点击操作]]>
    </line>
    <line>
      <![CDATA[查找的locationType为：xpath元素路径为：//tbody//tr[1]//span[contains(text(),'编辑')]]]>
    </line>
    <line>
      <![CDATA[获取到的元素为：<span>编辑</span>]]>
    </line>
    <line>
      <![CDATA[执行的步骤名称为：3]]>
    </line>
    <line>
      <![CDATA[选择的Action为：元素做点击操作]]>
    </line>
    <line>
      <![CDATA[查找的locationType为：xpath元素路径为：.//*[@id='app']/div/div[3]/div[3]/div/div[2]/div/div[2]/div[2]/div/div/input]]>
    </line>
    <line>
      <![CDATA[获取到的元素为：<input autocomplete="off" class="el-input__inner" placeholder="请选择" readonly="readonly" type="text" value="抖音"></input>]]>
    </line>
    <line>
      <![CDATA[执行的步骤名称为：4]]>
    </line>
    <line>
      <![CDATA[选择的Action为：元素做点击操作]]>
    </line>
    <line>
      <![CDATA[查找的locationType为：xpath元素路径为：//span[text() = '淘宝直播']]]>
    </line>
    <line>
      <![CDATA[获取到的元素为：<span>淘宝直播</span>]]>
    </line>
    <line>
      <![CDATA[执行的步骤名称为：5]]>
    </line>
    <line>
      <![CDATA[选择的Action为：元素做点击操作]]>
    </line>
    <line>
      <![CDATA[查找的locationType为：xpath元素路径为：//input[@placeholder='请输入KOL关键词']]]>
    </line>
    <line>
      <![CDATA[获取到的元素为：<input autocomplete="off" class="el-input__inner" placeholder="请输入KOL关键词" readonly="readonly" type="text" value></input>]]>
    </line>
    <line>
      <![CDATA[执行的步骤名称为：6]]>
    </line>
    <line>
      <![CDATA[选择的Action为：元素做输入操作]]>
    </line>
    <line>
      <![CDATA[查找的locationType为：xpath元素路径为：//input[@placeholder='请输入KOL关键词']]]>
    </line>
    <line>
      <![CDATA[获取到的元素为：<input autocomplete="off" class="el-input__inner" placeholder="请输入KOL关键词" type="text" value></input>]]>
    </line>
    <line>
      <![CDATA[输入参数为：店铺测试001]]>
    </line>
    <line>
      <![CDATA[执行的步骤名称为：7]]>
    </line>
    <line>
      <![CDATA[选择的Action为：强制等待]]>
    </line>
    <line>
      <![CDATA[获取到的元素为：null]]>
    </line>
    <line>
      <![CDATA[强制等待3S]]>
    </line>
    <line>
      <![CDATA[执行的步骤名称为：8]]>
    </line>
    <line>
      <![CDATA[选择的Action为：元素做点击操作]]>
    </line>
    <line>
      <![CDATA[查找的locationType为：xpath元素路径为：//span[contains(text(), '店铺测试001')]]]>
    </line>
    <line>
      <![CDATA[获取到的元素为：<span class="name" data-v-868ba82c>店铺测试001</span>]]>
    </line>
    <line>
      <![CDATA[执行的步骤名称为：9]]>
    </line>
    <line>
      <![CDATA[选择的Action为：元素做点击操作]]>
    </line>
    <line>
      <![CDATA[查找的locationType为：xpath元素路径为：//input[@placeholder='选择日期']]]>
    </line>
    <line>
      <![CDATA[获取到的元素为：<input autocomplete="off" class="el-input__inner" name placeholder="选择日期" type="text" value></input>]]>
    </line>
    <line>
      <![CDATA[执行的步骤名称为：10]]>
    </line>
    <line>
      <![CDATA[选择的Action为：元素做点击操作]]>
    </line>
    <line>
      <![CDATA[查找的locationType为：xpath元素路径为：html/body/div[6]/div[1]/div/div[2]/table[1]/tbody/tr[4]/td[6]/div]]>
    </line>
    <line>
      <![CDATA[获取到的元素为：<div>18</div>]]>
    </line>
    <line>
      <![CDATA[执行的步骤名称为：11]]>
    </line>
    <line>
      <![CDATA[选择的Action为：元素做点击操作]]>
    </line>
    <line>
      <![CDATA[查找的locationType为：xpath元素路径为：.//*[@id='app']/div/div[3]/div[3]/div/div[2]/div/div[2]/div[7]/div/div/input]]>
    </line>
    <line>
      <![CDATA[获取到的元素为：<input autocomplete="off" class="el-input__inner" placeholder="请选择" readonly="readonly" type="text" value></input>]]>
    </line>
    <line>
      <![CDATA[执行的步骤名称为：12]]>
    </line>
    <line>
      <![CDATA[选择的Action为：元素做点击操作]]>
    </line>
    <line>
      <![CDATA[查找的locationType为：xpath元素路径为：//span[text() = '16']//parent::li]]>
    </line>
    <line>
      <![CDATA[获取到的元素为：<li class="el-select-dropdown__item" data-v-36aa87bc type value="0">16</li>]]>
    </line>
    <line>
      <![CDATA[执行的步骤名称为：13]]>
    </line>
    <line>
      <![CDATA[选择的Action为：强制等待]]>
    </line>
    <line>
      <![CDATA[获取到的元素为：null]]>
    </line>
    <line>
      <![CDATA[强制等待3S]]>
    </line>
    <line>
      <![CDATA[执行的步骤名称为：14]]>
    </line>
    <line>
      <![CDATA[选择的Action为：元素做点击操作]]>
    </line>
    <line>
      <![CDATA[查找的locationType为：xpath元素路径为：//span[contains(text(),'添加')]]]>
    </line>
    <line>
      <![CDATA[获取到的元素为：<span>添加</span>]]>
    </line>
    <line>
      <![CDATA[执行的步骤名称为：15]]>
    </line>
    <line>
      <![CDATA[选择的Action为：校验元素是否存在]]>
    </line>
    <line>
      <![CDATA[查找的locationType为：xpath元素路径为：//div[@class = 'detail-info']//div[@class = 'manage-table']//tbody//tr]]>
    </line>
    <line>
      <![CDATA[获取到的元素为：<tr class="el-table__row">1
淘宝直播
店铺测试001
9cf6f29b2b61d601eaa611987852b1dc
-
删除</tr>]]>
    </line>
  </reporter-output>
  <suite name="Command line suite" duration-ms="19057" started-at="2020-09-30T14:26:40 CST" finished-at="2020-09-30T14:26:59 CST">
    <groups>
    </groups>
    <test name="Command line test" duration-ms="19057" started-at="2020-09-30T14:26:40 CST" finished-at="2020-09-30T14:26:59 CST">
      <class name="com.example.excute.ExcuteCase">
        <test-method status="PASS" signature="initExcuteLog()[pri:0, instance:com.example.excute.ExcuteCase@1ba3faf7]" name="initExcuteLog" is-config="true" duration-ms="2" started-at="2020-09-30T14:26:40 CST" finished-at="2020-09-30T14:26:40 CST">
          <reporter-output>
          </reporter-output>
        </test-method> <!-- initExcuteLog -->
        <test-method status="PASS" signature="excute(com.example.model.UICase, java.util.List, org.testng.ITestContext)[pri:0, instance:com.example.excute.ExcuteCase@1ba3faf7]" name="excute" duration-ms="19056" started-at="2020-09-30T14:26:40 CST" data-provider="initData" finished-at="2020-09-30T14:26:59 CST">
          <params>
            <param index="0">
              <value>
                <![CDATA[com.example.model.UICase@56f992d5]]>
              </value>
            </param>
            <param index="1">
              <value>
                <![CDATA[[com.example.model.UIStep@a257062, com.example.model.UIStep@6719d45a, com.example.model.UIStep@701d76e2, com.example.model.UIStep@1758f335, com.example.model.UIStep@365f37dc, com.example.model.UIStep@1f4d9e49, com.example.model.UIStep@4fc5124, com.example.model.UIStep@54edcbd5, com.example.model.UIStep@1b43e743, com.example.model.UIStep@688f9db4, com.example.model.UIStep@e1c84f0, com.example.model.UIStep@34155585, com.example.model.UIStep@30e8c5bb, com.example.model.UIStep@241e9c2f, com.example.model.UIStep@4ecfb758, com.example.model.UIStep@50687a79, com.example.model.UIStep@26dba8d2, com.example.model.UIStep@7674b7c2]]]>
              </value>
            </param>
            <param index="2">
              <value>
                <![CDATA[org.testng.TestRunner@1b737ec9]]>
              </value>
            </param>
          </params>
          <reporter-output>
            <line>
              <![CDATA[使用的浏览器为：firefox打开的默认URL为：http://testircloud.iresearchdata.cn/one-media/login]]>
            </line>
            <line>
              <![CDATA[18]]>
            </line>
            <line>
              <![CDATA[执行的步骤名称为：1]]>
            </line>
            <line>
              <![CDATA[选择的Action为：元素做输入操作]]>
            </line>
            <line>
              <![CDATA[查找的locationType为：xpath元素路径为：.//*[@id='app']/div/div/form/div[1]/div/div/input]]>
            </line>
            <line>
              <![CDATA[获取到的元素为：<input autocomplete="off" class="el-input__inner" placeholder="请输入用户名" type="text" value></input>]]>
            </line>
            <line>
              <![CDATA[输入参数为：iris]]>
            </line>
            <line>
              <![CDATA[执行的步骤名称为：2]]>
            </line>
            <line>
              <![CDATA[选择的Action为：元素做输入操作]]>
            </line>
            <line>
              <![CDATA[查找的locationType为：xpath元素路径为：.//*[@id='app']/div/div/form/div[2]/div/div/input]]>
            </line>
            <line>
              <![CDATA[获取到的元素为：<input autocomplete="off" class="el-input__inner" placeholder="请输入密码" type="password" value></input>]]>
            </line>
            <line>
              <![CDATA[输入参数为：123456]]>
            </line>
            <line>
              <![CDATA[执行的步骤名称为：3]]>
            </line>
            <line>
              <![CDATA[选择的Action为：元素做点击操作]]>
            </line>
            <line>
              <![CDATA[查找的locationType为：xpath元素路径为：.//*[@id='app']/div/div/form/div[3]/div/button]]>
            </line>
            <line>
              <![CDATA[获取到的元素为：<button class="el-button el-button--primary" data-v-68a944d1 type="button" value>登录</button>]]>
            </line>
            <line>
              <![CDATA[执行的步骤名称为：1]]>
            </line>
            <line>
              <![CDATA[选择的Action为：元素做点击操作]]>
            </line>
            <line>
              <![CDATA[查找的locationType为：xpath元素路径为：//a[contains(text(),'投放管理')]]]>
            </line>
            <line>
              <![CDATA[获取到的元素为：<a class data-v-3288c69c href="/one-media/management" type>投放管理</a>]]>
            </line>
            <line>
              <![CDATA[执行的步骤名称为：2]]>
            </line>
            <line>
              <![CDATA[选择的Action为：元素做点击操作]]>
            </line>
            <line>
              <![CDATA[查找的locationType为：xpath元素路径为：//tbody//tr[1]//span[contains(text(),'编辑')]]]>
            </line>
            <line>
              <![CDATA[获取到的元素为：<span>编辑</span>]]>
            </line>
            <line>
              <![CDATA[执行的步骤名称为：3]]>
            </line>
            <line>
              <![CDATA[选择的Action为：元素做点击操作]]>
            </line>
            <line>
              <![CDATA[查找的locationType为：xpath元素路径为：.//*[@id='app']/div/div[3]/div[3]/div/div[2]/div/div[2]/div[2]/div/div/input]]>
            </line>
            <line>
              <![CDATA[获取到的元素为：<input autocomplete="off" class="el-input__inner" placeholder="请选择" readonly="readonly" type="text" value="抖音"></input>]]>
            </line>
            <line>
              <![CDATA[执行的步骤名称为：4]]>
            </line>
            <line>
              <![CDATA[选择的Action为：元素做点击操作]]>
            </line>
            <line>
              <![CDATA[查找的locationType为：xpath元素路径为：//span[text() = '淘宝直播']]]>
            </line>
            <line>
              <![CDATA[获取到的元素为：<span>淘宝直播</span>]]>
            </line>
            <line>
              <![CDATA[执行的步骤名称为：5]]>
            </line>
            <line>
              <![CDATA[选择的Action为：元素做点击操作]]>
            </line>
            <line>
              <![CDATA[查找的locationType为：xpath元素路径为：//input[@placeholder='请输入KOL关键词']]]>
            </line>
            <line>
              <![CDATA[获取到的元素为：<input autocomplete="off" class="el-input__inner" placeholder="请输入KOL关键词" readonly="readonly" type="text" value></input>]]>
            </line>
            <line>
              <![CDATA[执行的步骤名称为：6]]>
            </line>
            <line>
              <![CDATA[选择的Action为：元素做输入操作]]>
            </line>
            <line>
              <![CDATA[查找的locationType为：xpath元素路径为：//input[@placeholder='请输入KOL关键词']]]>
            </line>
            <line>
              <![CDATA[获取到的元素为：<input autocomplete="off" class="el-input__inner" placeholder="请输入KOL关键词" type="text" value></input>]]>
            </line>
            <line>
              <![CDATA[输入参数为：店铺测试001]]>
            </line>
            <line>
              <![CDATA[执行的步骤名称为：7]]>
            </line>
            <line>
              <![CDATA[选择的Action为：强制等待]]>
            </line>
            <line>
              <![CDATA[获取到的元素为：null]]>
            </line>
            <line>
              <![CDATA[强制等待3S]]>
            </line>
            <line>
              <![CDATA[执行的步骤名称为：8]]>
            </line>
            <line>
              <![CDATA[选择的Action为：元素做点击操作]]>
            </line>
            <line>
              <![CDATA[查找的locationType为：xpath元素路径为：//span[contains(text(), '店铺测试001')]]]>
            </line>
            <line>
              <![CDATA[获取到的元素为：<span class="name" data-v-868ba82c>店铺测试001</span>]]>
            </line>
            <line>
              <![CDATA[执行的步骤名称为：9]]>
            </line>
            <line>
              <![CDATA[选择的Action为：元素做点击操作]]>
            </line>
            <line>
              <![CDATA[查找的locationType为：xpath元素路径为：//input[@placeholder='选择日期']]]>
            </line>
            <line>
              <![CDATA[获取到的元素为：<input autocomplete="off" class="el-input__inner" name placeholder="选择日期" type="text" value></input>]]>
            </line>
            <line>
              <![CDATA[执行的步骤名称为：10]]>
            </line>
            <line>
              <![CDATA[选择的Action为：元素做点击操作]]>
            </line>
            <line>
              <![CDATA[查找的locationType为：xpath元素路径为：html/body/div[6]/div[1]/div/div[2]/table[1]/tbody/tr[4]/td[6]/div]]>
            </line>
            <line>
              <![CDATA[获取到的元素为：<div>18</div>]]>
            </line>
            <line>
              <![CDATA[执行的步骤名称为：11]]>
            </line>
            <line>
              <![CDATA[选择的Action为：元素做点击操作]]>
            </line>
            <line>
              <![CDATA[查找的locationType为：xpath元素路径为：.//*[@id='app']/div/div[3]/div[3]/div/div[2]/div/div[2]/div[7]/div/div/input]]>
            </line>
            <line>
              <![CDATA[获取到的元素为：<input autocomplete="off" class="el-input__inner" placeholder="请选择" readonly="readonly" type="text" value></input>]]>
            </line>
            <line>
              <![CDATA[执行的步骤名称为：12]]>
            </line>
            <line>
              <![CDATA[选择的Action为：元素做点击操作]]>
            </line>
            <line>
              <![CDATA[查找的locationType为：xpath元素路径为：//span[text() = '16']//parent::li]]>
            </line>
            <line>
              <![CDATA[获取到的元素为：<li class="el-select-dropdown__item" data-v-36aa87bc type value="0">16</li>]]>
            </line>
            <line>
              <![CDATA[执行的步骤名称为：13]]>
            </line>
            <line>
              <![CDATA[选择的Action为：强制等待]]>
            </line>
            <line>
              <![CDATA[获取到的元素为：null]]>
            </line>
            <line>
              <![CDATA[强制等待3S]]>
            </line>
            <line>
              <![CDATA[执行的步骤名称为：14]]>
            </line>
            <line>
              <![CDATA[选择的Action为：元素做点击操作]]>
            </line>
            <line>
              <![CDATA[查找的locationType为：xpath元素路径为：//span[contains(text(),'添加')]]]>
            </line>
            <line>
              <![CDATA[获取到的元素为：<span>添加</span>]]>
            </line>
            <line>
              <![CDATA[执行的步骤名称为：15]]>
            </line>
            <line>
              <![CDATA[选择的Action为：校验元素是否存在]]>
            </line>
            <line>
              <![CDATA[查找的locationType为：xpath元素路径为：//div[@class = 'detail-info']//div[@class = 'manage-table']//tbody//tr]]>
            </line>
            <line>
              <![CDATA[获取到的元素为：<tr class="el-table__row">1
淘宝直播
店铺测试001
9cf6f29b2b61d601eaa611987852b1dc
-
删除</tr>]]>
            </line>
          </reporter-output>
        </test-method> <!-- excute -->
      </class> <!-- com.example.excute.ExcuteCase -->
    </test> <!-- Command line test -->
  </suite> <!-- Command line suite -->
</testng-results>
