<?xml version="1.0" encoding="UTF-8"?>
<testng-results skipped="0" failed="0" ignored="0" total="1" passed="1">
  <reporter-output>
    <line>
      <![CDATA[使用的浏览器为：Chrome打开的默认URL为：https://www.baidu.com]]>
    </line>
    <line>
      <![CDATA[执行的步骤名称为：输入搜索内容]]>
    </line>
    <line>
      <![CDATA[选择的Action为：元素做输入操作]]>
    </line>
    <line>
      <![CDATA[查找的locationType为：xpath元素路径为：//input[@id='kw']]]>
    </line>
    <line>
      <![CDATA[获取到的元素为：<input autocomplete="off" class="s_ipt" id="kw" maxlength="255" name="wd" type="text"></input>]]>
    </line>
    <line>
      <![CDATA[输入参数为：百度一下]]>
    </line>
    <line>
      <![CDATA[执行的步骤名称为：点击百度一下]]>
    </line>
    <line>
      <![CDATA[选择的Action为：元素做点击操作]]>
    </line>
    <line>
      <![CDATA[查找的locationType为：xpath元素路径为：//input[@id='su']]]>
    </line>
    <line>
      <![CDATA[获取到的元素为：<input class="bg s_btn" id="su" type="submit" value="百度一下"></input>]]>
    </line>
    <line>
      <![CDATA[使用的浏览器为：Chrome打开的默认URL为：https://www.baidu.com]]>
    </line>
    <line>
      <![CDATA[执行的步骤名称为：输入搜索内容]]>
    </line>
    <line>
      <![CDATA[选择的Action为：元素做输入操作]]>
    </line>
    <line>
      <![CDATA[查找的locationType为：xpath元素路径为：//input[@id='kw']]]>
    </line>
    <line>
      <![CDATA[获取到的元素为：<input autocomplete="off" class="s_ipt" id="kw" maxlength="255" name="wd" type="text"></input>]]>
    </line>
    <line>
      <![CDATA[输入参数为：百度一下]]>
    </line>
    <line>
      <![CDATA[执行的步骤名称为：点击百度一下]]>
    </line>
    <line>
      <![CDATA[选择的Action为：元素做点击操作]]>
    </line>
    <line>
      <![CDATA[查找的locationType为：xpath元素路径为：//input[@id='su']]]>
    </line>
    <line>
      <![CDATA[获取到的元素为：<input class="bg s_btn" id="su" type="submit" value="百度一下"></input>]]>
    </line>
    <line>
      <![CDATA[使用的浏览器为：Chrome打开的默认URL为：https://www.baidu.com]]>
    </line>
    <line>
      <![CDATA[执行的步骤名称为：输入搜索内容]]>
    </line>
    <line>
      <![CDATA[选择的Action为：元素做输入操作]]>
    </line>
    <line>
      <![CDATA[查找的locationType为：xpath元素路径为：//input[@id='kw']]]>
    </line>
    <line>
      <![CDATA[获取到的元素为：<input autocomplete="off" class="s_ipt" id="kw" maxlength="255" name="wd" type="text"></input>]]>
    </line>
    <line>
      <![CDATA[输入参数为：百度一下]]>
    </line>
    <line>
      <![CDATA[执行的步骤名称为：点击百度一下]]>
    </line>
    <line>
      <![CDATA[选择的Action为：元素做点击操作]]>
    </line>
    <line>
      <![CDATA[查找的locationType为：xpath元素路径为：//input[@id='su']]]>
    </line>
    <line>
      <![CDATA[获取到的元素为：<input class="bg s_btn" id="su" type="submit" value="百度一下"></input>]]>
    </line>
    <line>
      <![CDATA[使用的浏览器为：Chrome打开的默认URL为：https://www.baidu.com]]>
    </line>
    <line>
      <![CDATA[执行的步骤名称为：输入搜索内容]]>
    </line>
    <line>
      <![CDATA[选择的Action为：元素做输入操作]]>
    </line>
    <line>
      <![CDATA[查找的locationType为：xpath元素路径为：//input[@id='kw']]]>
    </line>
    <line>
      <![CDATA[获取到的元素为：<input autocomplete="off" class="s_ipt" id="kw" maxlength="255" name="wd" type="text"></input>]]>
    </line>
    <line>
      <![CDATA[输入参数为：百度一下]]>
    </line>
    <line>
      <![CDATA[执行的步骤名称为：点击百度一下]]>
    </line>
    <line>
      <![CDATA[选择的Action为：元素做点击操作]]>
    </line>
    <line>
      <![CDATA[查找的locationType为：xpath元素路径为：//input[@id='su']]]>
    </line>
    <line>
      <![CDATA[获取到的元素为：<input class="bg s_btn" id="su" type="submit" value="百度一下"></input>]]>
    </line>
    <line>
      <![CDATA[使用的浏览器为：Chrome打开的默认URL为：https://www.baidu.com]]>
    </line>
    <line>
      <![CDATA[执行的步骤名称为：输入搜索内容]]>
    </line>
    <line>
      <![CDATA[选择的Action为：元素做输入操作]]>
    </line>
    <line>
      <![CDATA[查找的locationType为：xpath元素路径为：//input[@id='kw']]]>
    </line>
    <line>
      <![CDATA[获取到的元素为：<input autocomplete="off" class="s_ipt" id="kw" maxlength="255" name="wd" type="text"></input>]]>
    </line>
    <line>
      <![CDATA[输入参数为：百度一下]]>
    </line>
    <line>
      <![CDATA[执行的步骤名称为：点击百度一下]]>
    </line>
    <line>
      <![CDATA[选择的Action为：元素做点击操作]]>
    </line>
    <line>
      <![CDATA[查找的locationType为：xpath元素路径为：//input[@id='su']]]>
    </line>
    <line>
      <![CDATA[获取到的元素为：<input class="bg s_btn" id="su" type="submit" value="百度一下"></input>]]>
    </line>
    <line>
      <![CDATA[使用的浏览器为：Chrome打开的默认URL为：https://www.baidu.com]]>
    </line>
    <line>
      <![CDATA[执行的步骤名称为：输入搜索内容]]>
    </line>
    <line>
      <![CDATA[选择的Action为：元素做输入操作]]>
    </line>
    <line>
      <![CDATA[查找的locationType为：xpath元素路径为：//input[@id='kw']]]>
    </line>
    <line>
      <![CDATA[获取到的元素为：<input autocomplete="off" class="s_ipt" id="kw" maxlength="255" name="wd" type="text"></input>]]>
    </line>
    <line>
      <![CDATA[输入参数为：百度一下]]>
    </line>
    <line>
      <![CDATA[执行的步骤名称为：点击百度一下]]>
    </line>
    <line>
      <![CDATA[选择的Action为：元素做点击操作]]>
    </line>
    <line>
      <![CDATA[查找的locationType为：xpath元素路径为：//input[@id='su']]]>
    </line>
    <line>
      <![CDATA[获取到的元素为：<input class="bg s_btn" id="su" type="submit" value="百度一下"></input>]]>
    </line>
  </reporter-output>
  <suite name="Command line suite" duration-ms="3895" started-at="2019-12-17T16:14:36 CST" finished-at="2019-12-17T16:14:40 CST">
    <groups>
    </groups>
    <test name="Command line test" duration-ms="3895" started-at="2019-12-17T16:14:36 CST" finished-at="2019-12-17T16:14:40 CST">
      <class name="com.example.excute.ExcuteCase">
        <test-method status="PASS" signature="initExcuteLog()[pri:0, instance:com.example.excute.ExcuteCase@34a52d8c]" name="initExcuteLog" is-config="true" duration-ms="5" started-at="2019-12-17T16:14:36 CST" finished-at="2019-12-17T16:14:36 CST">
          <reporter-output>
          </reporter-output>
        </test-method> <!-- initExcuteLog -->
        <test-method status="PASS" signature="excute(com.example.model.UICase, java.util.List, org.testng.ITestContext)[pri:0, instance:com.example.excute.ExcuteCase@34a52d8c]" name="excute" duration-ms="3893" started-at="2019-12-17T16:14:36 CST" data-provider="initData" finished-at="2019-12-17T16:14:40 CST">
          <params>
            <param index="0">
              <value>
                <![CDATA[com.example.model.UICase@6d849a51]]>
              </value>
            </param>
            <param index="1">
              <value>
                <![CDATA[[com.example.model.UIStep@7a786c23, com.example.model.UIStep@1132c630]]]>
              </value>
            </param>
            <param index="2">
              <value>
                <![CDATA[org.testng.TestRunner@70220e0c]]>
              </value>
            </param>
          </params>
          <reporter-output>
            <line>
              <![CDATA[使用的浏览器为：Chrome打开的默认URL为：https://www.baidu.com]]>
            </line>
            <line>
              <![CDATA[执行的步骤名称为：输入搜索内容]]>
            </line>
            <line>
              <![CDATA[选择的Action为：元素做输入操作]]>
            </line>
            <line>
              <![CDATA[查找的locationType为：xpath元素路径为：//input[@id='kw']]]>
            </line>
            <line>
              <![CDATA[获取到的元素为：<input autocomplete="off" class="s_ipt" id="kw" maxlength="255" name="wd" type="text"></input>]]>
            </line>
            <line>
              <![CDATA[输入参数为：百度一下]]>
            </line>
            <line>
              <![CDATA[执行的步骤名称为：点击百度一下]]>
            </line>
            <line>
              <![CDATA[选择的Action为：元素做点击操作]]>
            </line>
            <line>
              <![CDATA[查找的locationType为：xpath元素路径为：//input[@id='su']]]>
            </line>
            <line>
              <![CDATA[获取到的元素为：<input class="bg s_btn" id="su" type="submit" value="百度一下"></input>]]>
            </line>
          </reporter-output>
        </test-method> <!-- excute -->
      </class> <!-- com.example.excute.ExcuteCase -->
    </test> <!-- Command line test -->
  </suite> <!-- Command line suite -->
</testng-results>
